2025-08-19 13:09:31,161 [INFO] [Combined WS] Connected to 144 streams
2025-08-19 13:30:00,656 [INFO] [2025-08-19 10:30 UTC | 30m] API3USDT SHORT @ 1.4614000 VWAP: 1.3771545
2025-08-19 13:30:01,404 [INFO] [2025-08-19 10:30 UTC | 30m] OBOLUSDT SHORT @ 0.1139300 VWAP: 0.1105602
2025-08-19 14:00:01,216 [INFO] [2025-08-19 11:00 UTC | 30m] OBOLUSDT STOP LOSS HIT @ 0.1176000 >= 0.1162086
2025-08-19 14:00:02,237 [INFO] [2025-08-19 11:00 UTC | 1h] 1000XUSDT SHORT @ 0.0528100 VWAP: 0.0517383
2025-08-19 14:30:00,320 [INFO] [2025-08-19 11:30 UTC | 30m] API3USDT STOP LOSS HIT @ 1.5300000 >= 1.5052420
2025-08-19 14:30:00,904 [INFO] [2025-08-19 11:30 UTC | 30m] EPICUSDT SHORT @ 2.9876000 VWAP: 2.9234065
2025-08-19 15:00:01,847 [INFO] [2025-08-19 12:00 UTC | 1h] FIOUSDT SHORT @ 0.0195700 VWAP: 0.0186789
2025-08-19 15:00:03,092 [INFO] [2025-08-19 12:00 UTC | 30m] AGTUSDT SHORT @ 0.0052600 VWAP: 0.0051281
2025-08-19 15:00:04,148 [INFO] [2025-08-19 12:00 UTC | 30m] HEIUSDT SHORT @ 0.4399000 VWAP: 0.4294528
2025-08-19 15:20:01,258 [INFO] [2025-08-19 12:20 UTC | 5m] IDOLUSDT SHORT @ 0.0126700 VWAP: 0.0124019
2025-08-19 15:55:00,677 [INFO] [2025-08-19 12:55 UTC | 5m] IDOLUSDT STOP LOSS HIT @ 0.0129900 >= 0.0129868
2025-08-19 16:00:04,021 [INFO] [2025-08-19 13:00 UTC | 30m] Cancelled stop loss order 519375553
2025-08-19 16:00:04,325 [INFO] [2025-08-19 13:00 UTC | 30m] HEIUSDT BUY (COVER) @ 0.4354000 | Reason: EXIT | Held 2 candles
2025-08-19 16:30:00,725 [INFO] [2025-08-19 13:30 UTC | 30m] BROCCOLIF3BUSDT SHORT @ 0.0138790 VWAP: 0.0133969
2025-08-19 17:00:00,392 [INFO] [2025-08-19 14:00 UTC | 30m] BROCCOLIF3BUSDT STOP LOSS HIT @ 0.0143290 >= 0.0139484
2025-08-19 17:00:01,613 [INFO] [2025-08-19 14:00 UTC | 1h] Cancelled stop loss order 570737869
2025-08-19 17:00:02,555 [INFO] [2025-08-19 14:00 UTC | 1h] FIOUSDT BUY (COVER) @ 0.0187900 | Reason: EXIT | Held 2 candles
2025-08-19 17:30:01,134 [INFO] [2025-08-19 14:30 UTC | 30m] Cancelled stop loss order 412402378
2025-08-19 17:30:01,416 [INFO] [2025-08-19 14:30 UTC | 30m] AGTUSDT BUY (COVER) @ 0.0051290 | Reason: EXIT | Held 5 candles
2025-08-19 17:30:02,389 [INFO] [2025-08-19 14:30 UTC | 30m] Cancelled stop loss order 714578027
2025-08-19 17:30:02,690 [INFO] [2025-08-19 14:30 UTC | 30m] EPICUSDT BUY (COVER) @ 2.9452000 | Reason: EXIT | Held 6 candles
2025-08-19 18:00:02,160 [INFO] [2025-08-19 15:00 UTC | 1h] 1000XUSDT STOP LOSS HIT @ 0.0544300 >= 0.0541302
2025-08-19 19:00:05,966 [INFO] [2025-08-19 16:00 UTC | 1h] GRASSUSDT SHORT @ 0.7591000 VWAP: 0.7298917
2025-08-19 19:00:08,427 [INFO] [2025-08-19 16:00 UTC | 30m] OBOLUSDT SHORT @ 0.1209200 VWAP: 0.1178977
2025-08-19 19:30:03,737 [INFO] [2025-08-19 16:30 UTC | 30m] Cancelled stop loss order 395331478
2025-08-19 19:30:04,006 [INFO] [2025-08-19 16:30 UTC | 30m] OBOLUSDT BUY (COVER) @ 0.1181000 | Reason: EXIT | Held 1 candles
2025-08-19 21:00:02,461 [INFO] [2025-08-19 18:00 UTC | 1h] PHAUSDT SHORT @ 0.1092300 VWAP: 0.1058028
2025-08-19 21:00:05,597 [INFO] [2025-08-19 18:00 UTC | 1h] Cancelled stop loss order 1803875032
2025-08-19 21:00:05,959 [INFO] [2025-08-19 18:00 UTC | 1h] GRASSUSDT BUY (COVER) @ 0.7407000 | Reason: EXIT | Held 2 candles
2025-08-19 22:00:01,086 [INFO] [2025-08-19 19:00 UTC | 1h] PHAUSDT STOP LOSS HIT @ 0.1133300 >= 0.1108684
2025-08-19 23:35:00,995 [INFO] [2025-08-19 20:35 UTC | 5m] MUSDT SHORT @ 0.3882000 VWAP: 0.3740909
2025-08-19 23:40:00,285 [INFO] [2025-08-19 20:40 UTC | 5m] MUSDT STOP LOSS HIT @ 0.4020000 >= 0.3979050
2025-08-20 00:15:00,686 [INFO] [2025-08-19 21:15 UTC | 5m] MUSDT SHORT @ 0.4432000 VWAP: 0.4168704
2025-08-20 00:20:00,646 [INFO] [2025-08-19 21:20 UTC | 5m] MUSDT STOP LOSS HIT @ 0.4587000 >= 0.4542800
2025-08-20 00:55:00,600 [INFO] [2025-08-19 21:55 UTC | 5m] MUSDT SHORT @ 0.4888000 VWAP: 0.4522373
2025-08-20 01:00:00,916 [INFO] [2025-08-19 22:00 UTC | 15m] EPTUSDT SHORT @ 0.0040250 VWAP: 0.0039426
2025-08-20 01:00:03,862 [INFO] [2025-08-19 22:00 UTC | 1h] 1000XUSDT SHORT @ 0.0549900 VWAP: 0.0532064
2025-08-20 01:15:00,382 [INFO] [2025-08-19 22:15 UTC | 5m] MUSDT STOP LOSS HIT @ 0.5115000 >= 0.5010200
2025-08-20 01:30:01,032 [INFO] [2025-08-19 22:30 UTC | 30m] EPICUSDT SHORT @ 3.0307000 VWAP: 2.9524910
2025-08-20 02:30:01,240 [INFO] [2025-08-19 23:30 UTC | 30m] Cancelled stop loss order 722294650
2025-08-20 02:30:01,510 [INFO] [2025-08-19 23:30 UTC | 30m] EPICUSDT BUY (COVER) @ 2.9687000 | Reason: EXIT | Held 2 candles
2025-08-20 03:00:05,060 [INFO] [2025-08-20 00:00 UTC | 15m] Cancelled stop loss order 284709811
2025-08-20 03:00:05,341 [INFO] [2025-08-20 00:00 UTC | 15m] EPTUSDT BUY (COVER) @ 0.0039490 | Reason: EXIT | Held 8 candles
2025-08-20 04:30:01,417 [INFO] [2025-08-20 01:30 UTC | 5m] MUSDT SHORT @ 0.4304000 VWAP: 0.4169044
2025-08-20 04:50:00,716 [INFO] [2025-08-20 01:50 UTC | 5m] Cancelled stop loss order 337459604
2025-08-20 04:50:00,981 [INFO] [2025-08-20 01:50 UTC | 5m] MUSDT BUY (COVER) @ 0.4152000 | Reason: EXIT | Held 4 candles
2025-08-20 05:00:00,844 [INFO] [2025-08-20 02:00 UTC | 30m] BROCCOLIF3BUSDT SHORT @ 0.0124590 VWAP: 0.0120752
2025-08-20 05:25:00,939 [INFO] [2025-08-20 02:25 UTC | 5m] HYPERUSDT SHORT @ 0.3252000 VWAP: 0.3155523
2025-08-20 05:30:00,319 [INFO] [2025-08-20 02:30 UTC | 30m] BROCCOLIF3BUSDT STOP LOSS HIT @ 0.0128250 >= 0.0125213
2025-08-20 06:00:00,604 [INFO] [2025-08-20 03:00 UTC | 1h] 1000XUSDT STOP LOSS HIT @ 0.0577600 >= 0.0563647
2025-08-20 06:00:01,702 [INFO] [2025-08-20 03:00 UTC | 1h] GRASSUSDT SHORT @ 0.7711000 VWAP: 0.7413626
2025-08-20 07:00:02,561 [INFO] [2025-08-20 04:00 UTC | 5m] Cancelled stop loss order 681204717
2025-08-20 07:00:03,000 [INFO] [2025-08-20 04:00 UTC | 5m] HYPERUSDT BUY (COVER) @ 0.3240000 | Reason: EXIT | Held 19 candles
2025-08-20 07:00:03,410 [INFO] [2025-08-20 04:00 UTC | 1h] MEMEUSDT SHORT @ 0.0021680 VWAP: 0.0020605
2025-08-20 07:00:04,025 [INFO] [2025-08-20 04:00 UTC | 1h] PHAUSDT SHORT @ 0.1129300 VWAP: 0.1089670
2025-08-20 07:00:05,037 [INFO] [2025-08-20 04:00 UTC | 1h] GRASSUSDT STOP LOSS HIT @ 0.7891000 >= 0.7865220
2025-08-20 07:00:05,368 [INFO] [2025-08-20 04:00 UTC | 1h] BANUSDT SHORT @ 0.0685000 VWAP: 0.0658591
2025-08-20 07:30:01,198 [INFO] [2025-08-20 04:30 UTC | 5m] MUSDT SHORT @ 0.4367000 VWAP: 0.4237868
2025-08-20 07:30:03,732 [INFO] [2025-08-20 04:30 UTC | 30m] OBOLUSDT SHORT @ 0.1194900 VWAP: 0.1171439
2025-08-20 08:00:00,627 [INFO] [2025-08-20 05:00 UTC | 1h] BANUSDT STOP LOSS HIT @ 0.0704100 >= 0.0702125
2025-08-20 08:35:00,652 [INFO] [2025-08-20 05:35 UTC | 5m] Cancelled stop loss order 338308430
2025-08-20 08:35:00,914 [INFO] [2025-08-20 05:35 UTC | 5m] MUSDT BUY (COVER) @ 0.4333000 | Reason: EXIT | Held 13 candles
2025-08-20 09:00:00,445 [INFO] [2025-08-20 06:00 UTC | 1h] MEMEUSDT STOP LOSS HIT @ 0.0022380 >= 0.0022005
2025-08-20 09:30:00,717 [INFO] [2025-08-20 06:30 UTC | 30m] FISUSDT SHORT @ 0.1186000 VWAP: 0.1162676
2025-08-20 09:30:01,850 [INFO] [2025-08-20 06:30 UTC | 30m] AGTUSDT SHORT @ 0.0053150 VWAP: 0.0052098
2025-08-20 10:00:00,586 [INFO] [2025-08-20 07:00 UTC | 30m] API3USDT SHORT @ 1.4583000 VWAP: 1.3346711
2025-08-20 10:00:01,343 [INFO] [2025-08-20 07:00 UTC | 1h] PHAUSDT STOP LOSS HIT @ 0.1153500 >= 0.1146239
2025-08-20 10:30:00,288 [INFO] [2025-08-20 07:30 UTC | 30m] API3USDT STOP LOSS HIT @ 1.5217000 >= 1.5020490
2025-08-20 10:30:01,084 [INFO] [2025-08-20 07:30 UTC | 30m] Cancelled stop loss order 396294254
2025-08-20 10:30:01,348 [INFO] [2025-08-20 07:30 UTC | 30m] OBOLUSDT BUY (COVER) @ 0.1187800 | Reason: EXIT | Held 6 candles
2025-08-20 11:15:03,279 [INFO] [2025-08-20 08:15 UTC | 15m] FISUSDT SHORT @ 0.1210800 VWAP: 0.1175187
2025-08-20 11:19:40,374 [INFO] [Combined WS] Connection error: sent 1011 (internal error) keepalive ping timeout; no close frame received. Reconnecting in 0.1s...
2025-08-20 11:19:41,458 [INFO] [Combined WS] Connected to 144 streams
2025-08-20 12:00:00,757 [INFO] [2025-08-20 09:00 UTC | 30m] MEMEUSDT SHORT @ 0.0023440 VWAP: 0.0021867
2025-08-20 12:00:02,164 [INFO] [2025-08-20 09:00 UTC | 15m] 1000000BOBUSDT SHORT @ 0.0688800 VWAP: 0.0668431
2025-08-20 12:00:03,120 [INFO] [2025-08-20 09:00 UTC | 30m] AGTUSDT STOP LOSS HIT @ 0.0054680 >= 0.0054479
2025-08-20 12:30:00,305 [INFO] [2025-08-20 09:30 UTC | 30m] MEMEUSDT STOP LOSS HIT @ 0.0023980 >= 0.0023674
2025-08-20 12:30:03,563 [INFO] [2025-08-20 09:30 UTC | 15m] Cancelled stop loss order 326784402
2025-08-20 12:30:03,827 [INFO] [2025-08-20 09:30 UTC | 15m] 1000000BOBUSDT BUY (COVER) @ 0.0687100 | Reason: EXIT | Held 2 candles
2025-08-20 12:55:00,926 [INFO] [2025-08-20 09:55 UTC | 5m] HYPERUSDT SHORT @ 0.3471000 VWAP: 0.3363188
2025-08-20 13:00:00,930 [INFO] [2025-08-20 10:00 UTC | 5m] HYPERUSDT STOP LOSS HIT @ 0.3568000 >= 0.3540420
2025-08-20 13:00:02,595 [INFO] [2025-08-20 10:00 UTC | 30m] Cancelled stop loss order 478650768
2025-08-20 13:00:02,937 [INFO] [2025-08-20 10:00 UTC | 30m] FISUSDT BUY (COVER) @ 0.1192100 | Reason: EXIT | Held 7 candles
2025-08-20 13:45:00,756 [INFO] [2025-08-20 10:45 UTC | 5m] HYPERUSDT SHORT @ 0.3618000 VWAP: 0.3504253
2025-08-20 13:45:02,450 [INFO] [2025-08-20 10:45 UTC | 15m] Cancelled stop loss order 478793642
2025-08-20 13:45:02,719 [INFO] [2025-08-20 10:45 UTC | 15m] FISUSDT BUY (COVER) @ 0.1187700 | Reason: EXIT | Held 10 candles
2025-08-20 13:55:00,606 [INFO] [2025-08-20 10:55 UTC | 5m] MUSDT SHORT @ 0.4451000 VWAP: 0.4295651
2025-08-20 14:00:01,470 [INFO] [2025-08-20 11:00 UTC | 5m] Cancelled stop loss order 684047278
2025-08-20 14:00:01,743 [INFO] [2025-08-20 11:00 UTC | 5m] HYPERUSDT BUY (COVER) @ 0.3527000 | Reason: EXIT | Held 3 candles
2025-08-20 14:15:00,286 [INFO] [2025-08-20 11:15 UTC | 5m] MUSDT STOP LOSS HIT @ 0.4568000 >= 0.4562275
2025-08-20 14:50:00,981 [INFO] [2025-08-20 11:50 UTC | 5m] MUSDT SHORT @ 0.4609000 VWAP: 0.4450072
2025-08-20 15:00:03,670 [INFO] [2025-08-20 12:00 UTC | 1h] BANUSDT SHORT @ 0.0720700 VWAP: 0.0686439
2025-08-20 16:00:01,324 [INFO] [2025-08-20 13:00 UTC | 1h] GRASSUSDT SHORT @ 0.8217000 VWAP: 0.7789590
2025-08-20 16:00:02,199 [INFO] [2025-08-20 13:00 UTC | 1h] MEMEUSDT SHORT @ 0.0024310 VWAP: 0.0022541
2025-08-20 16:05:00,717 [INFO] [2025-08-20 13:05 UTC | 5m] Cancelled stop loss order 340964996
2025-08-20 16:05:00,987 [INFO] [2025-08-20 13:05 UTC | 5m] MUSDT BUY (COVER) @ 0.4519000 | Reason: EXIT | Held 15 candles
2025-08-20 17:00:01,963 [INFO] [2025-08-20 14:00 UTC | 1h] BANUSDT STOP LOSS HIT @ 0.0738900 >= 0.0738717
2025-08-20 17:50:01,326 [INFO] [2025-08-20 14:50 UTC | 5m] IDOLUSDT SHORT @ 0.0134700 VWAP: 0.0131863
2025-08-20 18:00:00,361 [INFO] [2025-08-20 15:00 UTC | 1h] MEMEUSDT STOP LOSS HIT @ 0.0026840 >= 0.0024675
2025-08-20 18:00:02,690 [INFO] [2025-08-20 15:00 UTC | 30m] SIRENUSDT SHORT @ 0.0878900 VWAP: 0.0843969
2025-08-20 18:05:00,919 [INFO] [2025-08-20 15:05 UTC | 5m] HYPERUSDT SHORT @ 0.3569000 VWAP: 0.3463181
2025-08-20 18:10:00,781 [INFO] [2025-08-20 15:10 UTC | 5m] NXPCUSDT SHORT @ 0.7841600 VWAP: 0.7674316
2025-08-20 18:15:01,467 [INFO] [2025-08-20 15:15 UTC | 15m] SIRENUSDT SHORT @ 0.0892900 VWAP: 0.0850773
2025-08-20 18:20:00,519 [INFO] [2025-08-20 15:20 UTC | 5m] HYPERUSDT STOP LOSS HIT @ 0.3681000 >= 0.3640380
2025-08-20 18:20:03,664 [INFO] [2025-08-20 15:20 UTC | 5m] ZKJUSDT SHORT @ 0.1973000 VWAP: 0.1931686
2025-08-20 18:30:00,991 [INFO] [2025-08-20 15:30 UTC | 30m] EPICUSDT SHORT @ 3.1005000 VWAP: 2.9958649
2025-08-20 18:30:01,644 [INFO] [2025-08-20 15:30 UTC | 30m] AGTUSDT SHORT @ 0.0055740 VWAP: 0.0054077
2025-08-20 18:30:02,940 [INFO] [2025-08-20 15:30 UTC | 15m] SIRENUSDT STOP LOSS HIT @ 0.0926000 >= 0.0915222
2025-08-20 18:30:02,959 [INFO] [2025-08-20 15:30 UTC | 30m] SIRENUSDT STOP LOSS HIT @ 0.0926000 >= 0.0905267
2025-08-20 18:35:00,918 [INFO] [2025-08-20 15:35 UTC | 5m] MYXUSDT SHORT @ 1.1666000 VWAP: 1.0989548
2025-08-20 18:45:00,736 [INFO] [2025-08-20 15:45 UTC | 5m] HYPERUSDT SHORT @ 0.3686000 VWAP: 0.3544878
2025-08-20 18:55:00,737 [INFO] [2025-08-20 15:55 UTC | 5m] Cancelled stop loss order 1370567508
2025-08-20 18:55:01,008 [INFO] [2025-08-20 15:55 UTC | 5m] MYXUSDT BUY (COVER) @ 1.1030000 | Reason: EXIT | Held 4 candles
2025-08-20 19:00:01,233 [INFO] [2025-08-20 16:00 UTC | 30m] MEMEUSDT SHORT @ 0.0026210 VWAP: 0.0024197
2025-08-20 19:00:03,934 [INFO] [2025-08-20 16:00 UTC | 1h] GRASSUSDT STOP LOSS HIT @ 0.8465000 >= 0.8381340
2025-08-20 19:00:04,093 [INFO] [2025-08-20 16:00 UTC | 30m] EPICUSDT STOP LOSS HIT @ 3.2220000 >= 3.1935150
2025-08-20 19:00:06,683 [INFO] [2025-08-20 16:00 UTC | 5m] Cancelled stop loss order 115149843
2025-08-20 19:00:07,181 [INFO] [2025-08-20 16:00 UTC | 5m] IDOLUSDT BUY (COVER) @ 0.0134300 | Reason: EXIT | Held 14 candles
2025-08-20 19:15:00,740 [INFO] [2025-08-20 16:15 UTC | 15m] SIRENUSDT SHORT @ 0.0931000 VWAP: 0.0880625
2025-08-20 19:30:00,368 [INFO] [2025-08-20 16:30 UTC | 30m] MEMEUSDT STOP LOSS HIT @ 0.0028860 >= 0.0026472
2025-08-20 19:30:01,786 [INFO] [2025-08-20 16:30 UTC | 30m] OBOLUSDT SHORT @ 0.1193500 VWAP: 0.1169646
2025-08-20 19:30:03,762 [INFO] [2025-08-20 16:30 UTC | 30m] DFUSDT SHORT @ 0.0298500 VWAP: 0.0289361
2025-08-20 19:45:01,794 [INFO] [2025-08-20 16:45 UTC | 5m] Cancelled stop loss order 1398497887
2025-08-20 19:45:02,065 [INFO] [2025-08-20 16:45 UTC | 5m] NXPCUSDT BUY (COVER) @ 0.7824800 | Reason: EXIT | Held 19 candles
2025-08-20 20:00:00,332 [INFO] [2025-08-20 17:00 UTC | 15m] SIRENUSDT STOP LOSS HIT @ 0.0959800 >= 0.0954275
2025-08-20 20:00:01,189 [INFO] [2025-08-20 17:00 UTC | 30m] SIRENUSDT SHORT @ 0.0953800 VWAP: 0.0902015
2025-08-20 20:00:03,234 [INFO] [2025-08-20 17:00 UTC | 30m] Cancelled stop loss order 414935081
2025-08-20 20:00:03,514 [INFO] [2025-08-20 17:00 UTC | 30m] AGTUSDT BUY (COVER) @ 0.0054630 | Reason: EXIT | Held 3 candles
2025-08-20 20:00:05,599 [INFO] [2025-08-20 17:00 UTC | 5m] Cancelled stop loss order 362435498
2025-08-20 20:00:05,879 [INFO] [2025-08-20 17:00 UTC | 5m] ZKJUSDT BUY (COVER) @ 0.1971000 | Reason: EXIT | Held 20 candles
2025-08-20 20:30:01,160 [INFO] [2025-08-20 17:30 UTC | 30m] Cancelled stop loss order 379708403
2025-08-20 20:30:01,436 [INFO] [2025-08-20 17:30 UTC | 30m] SIRENUSDT BUY (COVER) @ 0.0924900 | Reason: EXIT | Held 1 candles
2025-08-20 20:30:02,149 [INFO] [2025-08-20 17:30 UTC | 5m] Cancelled stop loss order 686629875
2025-08-20 20:30:02,426 [INFO] [2025-08-20 17:30 UTC | 5m] HYPERUSDT BUY (COVER) @ 0.3653000 | Reason: EXIT | Held 21 candles
2025-08-20 20:45:00,901 [INFO] [2025-08-20 17:45 UTC | 15m] MAVIAUSDT SHORT @ 0.1618000 VWAP: 0.1569688
2025-08-20 20:45:02,036 [INFO] [2025-08-20 17:45 UTC | 15m] AERGOUSDT SHORT @ 0.1105200 VWAP: 0.1083431
2025-08-20 21:00:00,789 [INFO] [2025-08-20 18:00 UTC | 30m] FISUSDT SHORT @ 0.1266500 VWAP: 0.1231638
2025-08-20 21:00:05,710 [INFO] [2025-08-20 18:00 UTC | 1h] 1000XUSDT SHORT @ 0.0559200 VWAP: 0.0546663
2025-08-20 21:30:00,972 [INFO] [2025-08-20 18:30 UTC | 15m] Cancelled stop loss order 600272062
2025-08-20 21:30:01,241 [INFO] [2025-08-20 18:30 UTC | 15m] AERGOUSDT BUY (COVER) @ 0.1092000 | Reason: EXIT | Held 3 candles
2025-08-20 21:30:02,546 [INFO] [2025-08-20 18:30 UTC | 30m] Cancelled stop loss order 397025729
2025-08-20 21:30:02,810 [INFO] [2025-08-20 18:30 UTC | 30m] OBOLUSDT BUY (COVER) @ 0.1164100 | Reason: EXIT | Held 4 candles
2025-08-20 22:30:01,432 [INFO] [2025-08-20 19:30 UTC | 30m] Cancelled stop loss order 480007020
2025-08-20 22:30:01,702 [INFO] [2025-08-20 19:30 UTC | 30m] FISUSDT BUY (COVER) @ 0.1237900 | Reason: EXIT | Held 3 candles
2025-08-20 23:00:02,693 [INFO] [2025-08-20 20:00 UTC | 1h] PENGUUSDT SHORT @ 0.0316820 VWAP: 0.0300230
2025-08-20 23:00:04,157 [INFO] [2025-08-20 20:00 UTC | 1h] PNUTUSDT SHORT @ 0.2233500 VWAP: 0.2146160
2025-08-20 23:00:05,285 [INFO] [2025-08-20 20:00 UTC | 1h] SLERFUSDT SHORT @ 0.0763000 VWAP: 0.0735341
2025-08-20 23:30:00,818 [INFO] [2025-08-20 20:30 UTC | 30m] BANDUSDT SHORT @ 0.8670000 VWAP: 0.8001644
2025-08-21 00:00:00,706 [INFO] [2025-08-20 21:00 UTC | 1h] BANDUSDT SHORT @ 0.8761000 VWAP: 0.8172744
2025-08-21 00:00:01,009 [INFO] [2025-08-20 21:00 UTC | 30m] BANDUSDT STOP LOSS HIT @ 0.9300000 >= 0.8886750
2025-08-21 00:00:02,365 [INFO] [2025-08-20 21:00 UTC | 30m] DFUSDT STOP LOSS HIT @ 0.0304600 >= 0.0304470
2025-08-21 00:00:02,999 [INFO] [2025-08-20 21:00 UTC | 1h] BANUSDT SHORT @ 0.0828400 VWAP: 0.0780696
2025-08-21 00:30:01,176 [INFO] [2025-08-20 21:30 UTC | 30m] API3USDT SHORT @ 1.5253000 VWAP: 1.4312014
2025-08-21 01:00:00,952 [INFO] [2025-08-20 22:00 UTC | 1h] MEMEUSDT SHORT @ 0.0028280 VWAP: 0.0026701
2025-08-21 01:00:04,647 [INFO] [2025-08-20 22:00 UTC | 1h] VOXELUSDT SHORT @ 0.0595900 VWAP: 0.0561650
2025-08-21 01:45:03,937 [INFO] [2025-08-20 22:45 UTC | 15m] Cancelled stop loss order 188204769
2025-08-21 01:45:04,199 [INFO] [2025-08-20 22:45 UTC | 15m] MAVIAUSDT BUY (COVER) @ 0.1631000 | Reason: EXIT | Held 20 candles
2025-08-21 02:00:00,582 [INFO] [2025-08-20 23:00 UTC | 30m] Cancelled stop loss order 5856359320
2025-08-21 02:00:00,848 [INFO] [2025-08-20 23:00 UTC | 30m] API3USDT BUY (COVER) @ 1.4495000 | Reason: EXIT | Held 3 candles
2025-08-21 02:00:01,480 [INFO] [2025-08-20 23:00 UTC | 1h] Cancelled stop loss order 13725893116
2025-08-21 02:00:01,743 [INFO] [2025-08-20 23:00 UTC | 1h] BANDUSDT BUY (COVER) @ 0.8384000 | Reason: EXIT | Held 2 candles
2025-08-21 02:00:02,182 [INFO] [2025-08-20 23:00 UTC | 30m] MEMEUSDT SHORT @ 0.0028720 VWAP: 0.0027020
2025-08-21 02:00:02,557 [INFO] [2025-08-20 23:00 UTC | 1h] MEMEUSDT STOP LOSS HIT @ 0.0029310 >= 0.0028704
2025-08-21 03:00:00,295 [INFO] [2025-08-21 00:00 UTC | 1h] BANUSDT STOP LOSS HIT @ 0.0852900 >= 0.0849110
2025-08-21 03:00:01,285 [INFO] [2025-08-21 00:00 UTC | 30m] Cancelled stop loss order 6388584208
2025-08-21 03:00:01,681 [INFO] [2025-08-21 00:00 UTC | 30m] MEMEUSDT BUY (COVER) @ 0.0027680 | Reason: EXIT | Held 2 candles
2025-08-21 04:00:00,358 [INFO] [2025-08-21 01:00 UTC | 1h] PENGUUSDT STOP LOSS HIT @ 0.0326550 >= 0.0326325
2025-08-21 04:45:01,733 [INFO] [2025-08-21 01:45 UTC | 5m] IDOLUSDT SHORT @ 0.0135900 VWAP: 0.0133090
2025-08-21 05:00:02,400 [INFO] [2025-08-21 02:00 UTC | 1h] Cancelled stop loss order 1107309840
2025-08-21 05:00:02,723 [INFO] [2025-08-21 02:00 UTC | 1h] 1000XUSDT BUY (COVER) @ 0.0552800 | Reason: EXIT | Held 8 candles
2025-08-21 05:55:00,623 [INFO] [2025-08-21 02:55 UTC | 5m] IDOLUSDT STOP LOSS HIT @ 0.0139300 >= 0.0139297
2025-08-21 06:40:01,069 [INFO] [2025-08-21 03:40 UTC | 5m] IDOLUSDT SHORT @ 0.0141500 VWAP: 0.0138580
2025-08-21 06:55:01,386 [INFO] [2025-08-21 03:55 UTC | 5m] Cancelled stop loss order 115798993
2025-08-21 06:55:01,649 [INFO] [2025-08-21 03:55 UTC | 5m] IDOLUSDT BUY (COVER) @ 0.0138400 | Reason: EXIT | Held 3 candles
2025-08-21 07:55:01,048 [INFO] [2025-08-21 04:55 UTC | 5m] IDOLUSDT SHORT @ 0.0142600 VWAP: 0.0139487
2025-08-21 08:00:02,221 [INFO] [2025-08-21 05:00 UTC | 1h] Cancelled stop loss order 555131946
2025-08-21 08:00:02,565 [INFO] [2025-08-21 05:00 UTC | 1h] SLERFUSDT BUY (COVER) @ 0.0762000 | Reason: EXIT | Held 9 candles
2025-08-21 08:25:00,695 [INFO] [2025-08-21 05:25 UTC | 5m] Cancelled stop loss order 115892243
2025-08-21 08:25:00,960 [INFO] [2025-08-21 05:25 UTC | 5m] IDOLUSDT BUY (COVER) @ 0.0140500 | Reason: EXIT | Held 6 candles
2025-08-21 09:00:00,626 [INFO] [2025-08-21 06:00 UTC | 1h] PHAUSDT SHORT @ 0.1169900 VWAP: 0.1131033
2025-08-21 09:30:00,848 [INFO] [2025-08-21 06:30 UTC | 30m] API3USDT SHORT @ 1.5780000 VWAP: 1.4678727
2025-08-21 10:00:00,789 [INFO] [2025-08-21 07:00 UTC | 1h] PHAUSDT STOP LOSS HIT @ 0.1208600 >= 0.1187448
2025-08-21 10:00:01,395 [INFO] [2025-08-21 07:00 UTC | 1h] BANUSDT SHORT @ 0.0855400 VWAP: 0.0818804
2025-08-21 10:00:02,069 [INFO] [2025-08-21 07:00 UTC | 30m] KOMAUSDT SHORT @ 0.0269200 VWAP: 0.0253512
2025-08-21 10:00:02,835 [INFO] [2025-08-21 07:00 UTC | 1h] KOMAUSDT SHORT @ 0.0269200 VWAP: 0.0254688
2025-08-21 10:00:05,055 [INFO] [2025-08-21 07:00 UTC | 1h] Cancelled stop loss order 1229563073
2025-08-21 10:00:05,319 [INFO] [2025-08-21 07:00 UTC | 1h] VOXELUSDT BUY (COVER) @ 0.0578700 | Reason: EXIT | Held 9 candles
2025-08-21 10:30:00,710 [INFO] [2025-08-21 07:30 UTC | 30m] Cancelled stop loss order 5872498856
2025-08-21 10:30:01,105 [INFO] [2025-08-21 07:30 UTC | 30m] API3USDT BUY (COVER) @ 1.5031000 | Reason: EXIT | Held 2 candles
2025-08-21 11:00:01,160 [INFO] [2025-08-21 08:00 UTC | 30m] KOMAUSDT STOP LOSS HIT @ 0.0282500 >= 0.0273238
2025-08-21 11:00:01,184 [INFO] [2025-08-21 08:00 UTC | 1h] KOMAUSDT STOP LOSS HIT @ 0.0282500 >= 0.0277276
2025-08-21 11:56:56,329 [INFO] Stopped by user.
2025-10-29 16:12:13,819 [INFO] [Combined WS] Connected to 27 streams
2025-10-29 16:13:37,421 [INFO] [Combined WS] Connected to 27 streams
2025-10-29 16:13:51,368 [INFO] Stopped by user.
2025-10-29 16:15:04,892 [INFO] [Combined WS] Connected to 27 streams
2025-10-29 16:15:30,044 [INFO] Stopped by user.
2025-10-29 16:17:33,060 [INFO] [Combined WS] Connected to 27 streams
2025-10-29 16:21:54,120 [INFO] [Combined WS] Connected to 27 streams
2025-10-29 20:16:14,067 [INFO] [Combined WS] Connected to 0 streams
2025-10-29 20:16:32,500 [INFO] Stopped by user.
2025-10-30 18:07:05,857 [INFO] [Combined WS] Connected to 0 streams
