2025-08-18 18:27:21,371 [INFO] [Combined WS] Connected to 144 streams
2025-08-18 18:30:00,565 [INFO] [2025-08-18 15:30 UTC | 30m] BROCCOLIF3BUSDT SHORT @ 0.0118190 VWAP: 0.0113602
2025-08-18 18:30:01,964 [INFO] [2025-08-18 15:30 UTC | 30m] EPICUSDT SHORT @ 2.9588000 VWAP: 2.8911890
2025-08-18 19:00:00,432 [INFO] [2025-08-18 16:00 UTC | 30m] BROCCOLIF3BUSDT STOP LOSS HIT @ 0.0124100 >= 0.0118781
2025-08-18 19:30:01,060 [INFO] [2025-08-18 16:30 UTC | 30m] Cancelled stop loss order 701130890
2025-08-18 19:30:01,335 [INFO] [2025-08-18 16:30 UTC | 30m] EPICUSDT BUY (COVER) @ 2.9173000 | Reason: EXIT | Held 2 candles
2025-08-18 21:43:00,291 [INFO] [Combined WS] Connection error: no close frame received or sent. Reconnecting in 0.1s...
2025-08-18 21:43:01,279 [INFO] [Combined WS] Connected to 144 streams
2025-08-18 23:00:01,173 [INFO] [2025-08-18 20:00 UTC | 1h] MEMEUSDT SHORT @ 0.0022030 VWAP: 0.0020739
2025-08-18 23:30:00,886 [INFO] [2025-08-18 20:30 UTC | 30m] MEMEUSDT SHORT @ 0.0022370 VWAP: 0.0020964
2025-08-19 00:00:00,460 [INFO] [2025-08-18 21:00 UTC | 1h] MEMEUSDT STOP LOSS HIT @ 0.0022650 >= 0.0022360
2025-08-19 00:15:00,726 [INFO] [2025-08-18 21:15 UTC | 5m] ZKJUSDT SHORT @ 0.2021000 VWAP: 0.1981074
2025-08-19 00:35:01,034 [INFO] [2025-08-18 21:35 UTC | 5m] Cancelled stop loss order 355948175
2025-08-19 00:35:01,308 [INFO] [2025-08-18 21:35 UTC | 5m] ZKJUSDT BUY (COVER) @ 0.2011000 | Reason: EXIT | Held 4 candles
2025-08-19 01:00:00,947 [INFO] [2025-08-18 22:00 UTC | 30m] EPICUSDT SHORT @ 2.9992000 VWAP: 2.9302218
2025-08-19 01:30:01,159 [INFO] [2025-08-18 22:30 UTC | 30m] AGTUSDT SHORT @ 0.0053810 VWAP: 0.0052569
2025-08-19 01:30:01,783 [INFO] [2025-08-18 22:30 UTC | 30m] BROCCOLIF3BUSDT SHORT @ 0.0130190 VWAP: 0.0124004
2025-08-19 02:00:01,544 [INFO] [2025-08-18 23:00 UTC | 30m] BROCCOLIF3BUSDT STOP LOSS HIT @ 0.0131850 >= 0.0130841
2025-08-19 02:30:01,067 [INFO] [2025-08-18 23:30 UTC | 30m] Cancelled stop loss order 6355133398
2025-08-19 02:30:01,334 [INFO] [2025-08-18 23:30 UTC | 30m] MEMEUSDT BUY (COVER) @ 0.0021460 | Reason: EXIT | Held 6 candles
2025-08-19 03:50:00,287 [INFO] [Combined WS] Connection error: no close frame received or sent. Reconnecting in 0.1s...
2025-08-19 03:50:01,294 [INFO] [Combined WS] Connected to 144 streams
2025-08-19 04:30:01,963 [INFO] [2025-08-19 01:30 UTC | 30m] Cancelled stop loss order 705176343
2025-08-19 04:30:02,227 [INFO] [2025-08-19 01:30 UTC | 30m] EPICUSDT BUY (COVER) @ 2.9375000 | Reason: EXIT | Held 7 candles
2025-08-19 05:00:01,404 [INFO] [2025-08-19 02:00 UTC | 30m] Cancelled stop loss order 410995225
2025-08-19 05:00:01,668 [INFO] [2025-08-19 02:00 UTC | 30m] AGTUSDT BUY (COVER) @ 0.0053110 | Reason: EXIT | Held 7 candles
2025-08-19 08:05:00,636 [INFO] [2025-08-19 05:05 UTC | 5m] ZKJUSDT SHORT @ 0.1955000 VWAP: 0.1916172
2025-08-19 08:30:00,686 [INFO] [2025-08-19 05:30 UTC | 30m] BROCCOLIF3BUSDT SHORT @ 0.0135940 VWAP: 0.0129717
2025-08-19 09:00:00,297 [INFO] [2025-08-19 06:00 UTC | 30m] BROCCOLIF3BUSDT STOP LOSS HIT @ 0.0139800 >= 0.0136620
2025-08-19 09:05:01,102 [INFO] [2025-08-19 06:05 UTC | 5m] Cancelled stop loss order 357132473
2025-08-19 09:05:01,574 [INFO] [2025-08-19 06:05 UTC | 5m] ZKJUSDT BUY (COVER) @ 0.1927000 | Reason: EXIT | Held 12 candles
2025-08-19 11:00:01,628 [INFO] [2025-08-19 08:00 UTC | 30m] API3USDT SHORT @ 1.4172000 VWAP: 1.1653590
2025-08-19 11:30:00,296 [INFO] [2025-08-19 08:30 UTC | 30m] API3USDT STOP LOSS HIT @ 1.5400000 >= 1.4597160
2025-08-19 12:49:40,188 [INFO] Stopped by user.
2025-10-29 16:26:35,499 [INFO] [Combined WS] Connected to 317 streams
2025-10-29 20:16:16,939 [INFO] [Combined WS] Connected to 0 streams
2025-10-29 20:16:46,855 [INFO] Stopped by user.
