2025-09-24 21:53:29,538 [INFO] [Combined WS] Connected to 79 streams
2025-09-24 22:00:00,775 [INFO] [2025-09-24 19:00:00 UTC] GMXUSDT LONG BUY at ~18.192 | Open positions: 1
2025-09-25 00:00:01,144 [INFO] [2025-09-24 21:00:00 UTC] ZENUSDT LONG BUY at ~6.862 | Open positions: 2
2025-09-25 01:00:01,704 [INFO] [2025-09-24 22:00:00 UTC] ZENUSDT SELL at ~6.816 | Held 1 candles | Open positions: 1
2025-09-25 01:30:00,751 [INFO] [2025-09-24 22:30:00 UTC] NEIROETHUSDT Order failed: APIError(code=-4164): Order's notional must be no smaller than 5 (unless you choose reduce only).
2025-09-25 02:00:00,987 [INFO] [2025-09-24 23:00:00 UTC] FXSUSDT LONG BUY at ~2.5435 | Open positions: 3
2025-09-25 07:00:01,666 [INFO] [2025-09-25 04:00:00 UTC] GMXUSDT SELL at ~16.789 | Held 9 candles | Open positions: 2
2025-09-25 08:00:02,091 [INFO] [2025-09-25 05:00:00 UTC] FXSUSDT SELL at ~2.3934 | Held 6 candles | Open positions: 1
2025-09-25 09:22:11,893 [INFO] Stopped by user.
2025-09-25 09:25:14,658 [INFO] [Combined WS] Connected to 79 streams
2025-09-25 10:30:02,063 [INFO] [2025-09-25 07:30:00 UTC] MYROUSDT LONG BUY at ~0.0215 | Open positions: 1
2025-09-25 12:15:00,620 [INFO] [2025-09-25 09:15:00 UTC] NEIROETHUSDT LONG BUY at ~0.01813 | Open positions: 2
2025-09-25 12:45:01,007 [INFO] [2025-09-25 09:45:00 UTC] NEIROETHUSDT SELL at ~0.01528 | Held 2 candles | Open positions: 1
2025-09-25 15:30:01,555 [INFO] [2025-09-25 12:30:00 UTC] MYROUSDT SELL at ~0.02094 | Held 10 candles | Open positions: 0
2025-09-25 15:45:02,314 [INFO] [2025-09-25 12:45:00 UTC] COWUSDT LONG BUY at ~0.2758 | Open positions: 1
2025-09-25 16:00:02,410 [INFO] [2025-09-25 13:00:00 UTC] MYROUSDT LONG BUY at ~0.02186 | Open positions: 3
2025-09-25 16:00:03,590 [INFO] [2025-09-25 13:00:00 UTC] COWUSDT SELL at ~0.2749 | Held 1 candles | Open positions: 2
2025-09-25 16:00:04,758 [INFO] [2025-09-25 13:00:00 UTC] NEIROUSDT LONG BUY at ~0.0002759 | Open positions: 2
2025-09-25 16:30:00,840 [INFO] [2025-09-25 13:30:00 UTC] NEIROUSDT SELL at ~0.0002774 | Held 1 candles | Open positions: 1
2025-09-25 17:00:01,604 [INFO] [2025-09-25 14:00:00 UTC] MYROUSDT SELL at ~0.02144 | Held 2 candles | Open positions: 0
2025-09-25 17:15:00,811 [INFO] [2025-09-25 14:15:00 UTC] COWUSDT LONG BUY at ~0.2769 | Open positions: 1
2025-09-25 17:15:03,495 [INFO] [2025-09-25 14:15:00 UTC] BRUSDT LONG BUY at ~0.0777 | Open positions: 2
2025-09-25 17:30:01,016 [INFO] [2025-09-25 14:30:00 UTC] MYROUSDT LONG BUY at ~0.02147 | Open positions: 3
2025-09-25 18:00:03,824 [INFO] [2025-09-25 15:00:00 UTC] COWUSDT SELL at ~0.2756 | Held 3 candles | Open positions: 2
2025-09-25 19:15:01,627 [INFO] [2025-09-25 16:15:00 UTC] BRUSDT SELL at ~0.07902 | Held 8 candles | Open positions: 1
2025-09-25 19:30:00,966 [INFO] [2025-09-25 16:30:00 UTC] MYROUSDT SELL at ~0.0206 | Held 4 candles | Open positions: 0
2025-09-26 08:15:00,696 [INFO] [2025-09-26 05:15:00 UTC] BRUSDT LONG BUY at ~0.07827 | Open positions: 1
2025-09-26 08:45:03,073 [INFO] [2025-09-26 05:45:00 UTC] BRUSDT SELL at ~0.07818 | Held 2 candles | Open positions: 0
2025-09-26 09:30:03,667 [INFO] [2025-09-26 06:30:00 UTC] BRUSDT LONG BUY at ~0.08072 | Open positions: 1
2025-09-26 10:00:01,018 [INFO] [2025-09-26 07:00:00 UTC] BRUSDT SELL at ~0.07915 | Held 2 candles | Open positions: 0
2025-09-26 12:00:00,568 [INFO] [2025-09-26 09:00:00 UTC] QNTUSDT LONG BUY at ~90.85 | Open positions: 1
2025-09-26 12:00:01,106 [INFO] [2025-09-26 09:00:00 UTC] NEIROETHUSDT Order failed: APIError(code=-4140): Invalid symbol status for opening position.
2025-09-26 14:00:01,174 [INFO] [2025-09-26 11:00:00 UTC] QNTUSDT SELL at ~88.73 | Held 2 candles | Open positions: 1
2025-09-26 15:35:01,312 [INFO] [2025-09-26 12:35:00 UTC] NEIROUSDT LONG BUY at ~0.000267 | Open positions: 2
2025-09-26 15:45:00,624 [INFO] [2025-09-26 12:45:00 UTC] WIFUSDT LONG BUY at ~0.7377 | Open positions: 8
2025-09-26 15:45:00,627 [INFO] [2025-09-26 12:45:00 UTC] AEROUSDT LONG BUY at ~1.0075 | Open positions: 8
2025-09-26 15:45:00,628 [INFO] [2025-09-26 12:45:00 UTC] NEIROUSDT LONG BUY at ~0.0002688 | Open positions: 8
2025-09-26 15:45:00,636 [INFO] [2025-09-26 12:45:00 UTC] TURBOUSDT LONG BUY at ~0.0033585 | Open positions: 8
2025-09-26 15:45:00,638 [INFO] [2025-09-26 12:45:00 UTC] MEWUSDT LONG BUY at ~0.002531 | Open positions: 8
2025-09-26 15:45:00,954 [INFO] [2025-09-26 12:45:00 UTC] PIXELUSDT LONG BUY at ~0.02676 | Open positions: 10
2025-09-26 15:45:01,160 [INFO] [2025-09-26 12:45:00 UTC] 1000CATUSDT LONG BUY at ~0.006765 | Open positions: 10
2025-09-26 15:45:01,465 [INFO] [2025-09-26 12:45:00 UTC] RUNEUSDT LONG BUY at ~1.126 | Open positions: 10
2025-09-26 15:45:02,577 [INFO] [2025-09-26 12:45:00 UTC] COWUSDT skipped (max positions reached).
2025-09-26 15:45:03,221 [INFO] [2025-09-26 12:45:00 UTC] SYNUSDT skipped (max positions reached).
2025-09-26 16:00:00,382 [INFO] [2025-09-26 13:00:00 UTC] CFXUSDT skipped (max positions reached).
2025-09-26 16:00:00,592 [INFO] [2025-09-26 13:00:00 UTC] CKBUSDT skipped (max positions reached).
2025-09-26 16:00:00,671 [INFO] [2025-09-26 13:00:00 UTC] AEROUSDT SELL at ~0.9989 | Held 1 candles | Open positions: 9
2025-09-26 16:00:02,093 [INFO] [2025-09-26 13:00:00 UTC] 1000CATUSDT SELL at ~0.006721 | Held 1 candles | Open positions: 8
2025-09-26 16:00:02,953 [INFO] [2025-09-26 13:00:00 UTC] MEWUSDT SELL at ~0.002521 | Held 1 candles | Open positions: 7
2025-09-26 16:15:01,191 [INFO] [2025-09-26 13:15:00 UTC] AEROUSDT LONG BUY at ~1.0014 | Open positions: 8
2025-09-26 16:15:02,150 [INFO] [2025-09-26 13:15:00 UTC] RUNEUSDT SELL at ~1.119 | Held 2 candles | Open positions: 7
2025-09-26 16:15:02,248 [INFO] [2025-09-26 13:15:00 UTC] PIXELUSDT SELL at ~0.02651 | Held 2 candles | Open positions: 6
2025-09-26 16:15:02,607 [INFO] [2025-09-26 13:15:00 UTC] NEIROUSDT SELL at ~0.0002669 | Held 2 candles | Open positions: 5
2025-09-26 16:30:00,628 [INFO] [2025-09-26 13:30:00 UTC] AEROUSDT SELL at ~0.9989 | Held 1 candles | Open positions: 5
2025-09-26 16:30:00,705 [INFO] [2025-09-26 13:30:00 UTC] EGLDUSDT LONG BUY at ~12.318 | Open positions: 5
2025-09-26 17:00:00,690 [INFO] [2025-09-26 14:00:00 UTC] ETHUSDT LONG BUY at ~3968.87 | Open positions: 8
2025-09-26 17:00:01,000 [INFO] [2025-09-26 14:00:00 UTC] NEIROUSDT LONG BUY at ~0.0002704 | Open positions: 8
2025-09-26 17:00:01,040 [INFO] [2025-09-26 14:00:00 UTC] SAGAUSDT LONG BUY at ~0.2037 | Open positions: 8
2025-09-26 17:30:00,574 [INFO] [2025-09-26 14:30:00 UTC] ETHUSDT SELL at ~3939.22 | Held 1 candles | Open positions: 7
2025-09-26 17:30:00,866 [INFO] [2025-09-26 14:30:00 UTC] SAGAUSDT SELL at ~0.2023 | Held 1 candles | Open positions: 6
2025-09-26 17:30:01,005 [INFO] [2025-09-26 14:30:00 UTC] NEIROUSDT SELL at ~0.0002685 | Held 2 candles | Open positions: 5
2025-09-26 18:45:00,870 [INFO] [2025-09-26 15:45:00 UTC] AEROUSDT LONG BUY at ~1.0244 | Open positions: 6
2025-09-26 18:51:00,199 [INFO] [Combined WS] Connection error: sent 1011 (internal error) keepalive ping timeout; no close frame received. Reconnecting in 0.1s...
2025-09-26 18:51:01,374 [INFO] [Combined WS] Connected to 79 streams
2025-09-26 21:00:01,297 [INFO] [2025-09-26 18:00:00 UTC] NEIROUSDT SELL at ~0.0002764 | Held 65 candles | Open positions: 5
2025-09-26 23:30:00,942 [INFO] [2025-09-26 20:30:00 UTC] WIFUSDT SELL at ~0.7484 | Held 31 candles | Open positions: 4
2025-09-26 23:30:00,945 [INFO] [2025-09-26 20:30:00 UTC] TURBOUSDT SELL at ~0.0034354 | Held 31 candles | Open positions: 3
2025-09-27 00:00:01,079 [INFO] [2025-09-26 21:00:00 UTC] RSRUSDT LONG BUY at ~0.005708 | Open positions: 4
2025-09-27 01:00:01,102 [INFO] [2025-09-26 22:00:00 UTC] AEROUSDT SELL at ~1.0521 | Held 25 candles | Open positions: 3
2025-09-27 03:15:04,889 [INFO] [Combined WS] Connection error: sent 1011 (internal error) keepalive ping timeout; no close frame received. Reconnecting in 0.1s...
2025-09-27 03:15:05,942 [INFO] [Combined WS] Connected to 79 streams
2025-09-27 06:15:01,214 [INFO] [2025-09-27 03:15:00 UTC] PIXELUSDT LONG BUY at ~0.02765 | Open positions: 4
2025-09-27 07:00:02,282 [INFO] [2025-09-27 04:00:00 UTC] BEAMXUSDT LONG BUY at ~0.007738 | Open positions: 5
2025-09-27 08:00:03,107 [INFO] [2025-09-27 05:00:00 UTC] RSRUSDT SELL at ~0.005575 | Held 16 candles | Open positions: 4
2025-09-27 11:00:01,547 [INFO] [2025-09-27 08:00:00 UTC] THEUSDT LONG BUY at ~0.4058 | Open positions: 5
2025-09-27 11:00:01,841 [INFO] [2025-09-27 08:00:00 UTC] PIXELUSDT SELL at ~0.02761 | Held 19 candles | Open positions: 4
2025-09-27 14:00:01,053 [INFO] [2025-09-27 11:00:00 UTC] GMXUSDT LONG BUY at ~17.355 | Open positions: 6
2025-09-27 14:00:01,099 [INFO] [2025-09-27 11:00:00 UTC] GMXUSDT LONG BUY at ~17.355 | Open positions: 6
2025-09-27 14:15:01,985 [INFO] [2025-09-27 11:15:00 UTC] DIAUSDT LONG BUY at ~0.583 | Open positions: 7
2025-09-27 14:30:01,086 [INFO] [2025-09-27 11:30:00 UTC] DIAUSDT LONG BUY at ~0.5826 | Open positions: 8
2025-09-27 15:30:03,797 [INFO] [2025-09-27 12:30:00 UTC] EGLDUSDT SELL at ~13.033 | Held 46 candles | Open positions: 7
2025-09-27 15:50:01,510 [INFO] [2025-09-27 12:50:00 UTC] NEIROUSDT LONG BUY at ~0.0002717 | Open positions: 8
2025-09-27 16:00:00,976 [INFO] [2025-09-27 13:00:00 UTC] COWUSDT skipped (max positions reached).
2025-09-27 16:00:01,009 [INFO] [2025-09-27 13:00:00 UTC] TURBOUSDT LONG BUY at ~0.0034486 | Open positions: 10
2025-09-27 16:00:02,388 [INFO] [2025-09-27 13:00:00 UTC] TURBOUSDT LONG BUY at ~0.0034486 | Open positions: 10
2025-09-27 16:15:02,402 [INFO] [2025-09-27 13:15:00 UTC] NEIROUSDT SELL at ~0.0002707 | Held 5 candles | Open positions: 9
2025-09-27 17:15:00,625 [INFO] [2025-09-27 14:15:00 UTC] THEUSDT SELL at ~0.4472 | Held 25 candles | Open positions: 8
2025-09-27 17:30:00,543 [INFO] [2025-09-27 14:30:00 UTC] THEUSDT LONG BUY at ~0.4537 | Open positions: 9
2025-09-27 17:45:00,687 [INFO] [2025-09-27 14:45:00 UTC] DIAUSDT SELL at ~0.5847 | Held 14 candles | Open positions: 8
2025-09-27 19:00:01,499 [INFO] [2025-09-27 16:00:00 UTC] NEIROUSDT LONG BUY at ~0.0002744 | Open positions: 10
2025-09-27 19:00:01,553 [INFO] [2025-09-27 16:00:00 UTC] NEIROUSDT LONG BUY at ~0.0002744 | Open positions: 10
2025-09-27 19:00:01,893 [INFO] [2025-09-27 16:00:00 UTC] BEAMXUSDT SELL at ~0.007578 | Held 12 candles | Open positions: 9
2025-09-27 19:15:00,954 [INFO] [2025-09-27 16:15:00 UTC] 1000CATUSDT LONG BUY at ~0.007405 | Open positions: 10
2025-09-27 19:30:03,131 [INFO] [2025-09-27 16:30:00 UTC] 1000CATUSDT skipped (max positions reached).
2025-09-27 19:30:03,758 [INFO] [2025-09-27 16:30:00 UTC] NEIROUSDT SELL at ~0.0002713 | Held 2 candles | Open positions: 9
2025-09-27 19:55:02,562 [INFO] [2025-09-27 16:55:00 UTC] NEIROUSDT SELL at ~0.0002706 | Held 11 candles | Open positions: 8
2025-09-27 19:55:27,222 [INFO] [Combined WS] Connected to 46 streams
2025-09-27 19:56:41,503 [INFO] Stopped by user.
2025-09-27 19:57:18,991 [INFO] [Combined WS] Connected to 46 streams
2025-09-27 19:57:43,335 [INFO] Stopped by user.
2025-09-27 19:58:16,222 [INFO] [Combined WS] Connected to 46 streams
2025-09-27 20:00:26,006 [INFO] [Combined WS] Connected to 46 streams
2025-09-27 20:01:03,781 [INFO] Stopped by user.
2025-09-27 20:15:00,776 [INFO] [2025-09-27 17:15:00 UTC] TURBOUSDT SELL at ~0.0034291 | Held 17 candles | Open positions: 7
2025-09-27 20:30:00,880 [INFO] [2025-09-27 17:30:00 UTC] 1000CATUSDT SELL at ~0.007101 | Held 5 candles | Open positions: 6
2025-09-27 21:00:02,994 [INFO] [2025-09-27 18:00:00 UTC] TURBOUSDT SELL at ~0.0034434 | Held 5 candles | Open positions: 5
2025-09-27 23:45:00,961 [INFO] [2025-09-27 20:45:00 UTC] THEUSDT SELL at ~0.4853 | Held 25 candles | Open positions: 4
2025-09-28 01:30:01,432 [INFO] [2025-09-27 22:30:00 UTC] GMXUSDT SELL at ~17.403 | Held 23 candles | Open positions: 3
2025-09-28 01:34:40,951 [INFO] [Combined WS] Connection error: sent 1011 (internal error) keepalive ping timeout; no close frame received. Reconnecting in 0.1s...
2025-09-28 01:34:42,135 [INFO] [Combined WS] Connected to 79 streams
2025-09-28 02:30:00,976 [INFO] [2025-09-27 23:30:00 UTC] COWUSDT LONG BUY at ~0.2726 | Open positions: 4
2025-09-28 06:00:03,007 [INFO] [2025-09-28 03:00:00 UTC] GMXUSDT SELL at ~16.385 | Held 16 candles | Open positions: 3
2025-09-28 06:30:03,867 [INFO] [2025-09-28 03:30:00 UTC] DIAUSDT SELL at ~0.5789 | Held 32 candles | Open positions: 2
2025-09-28 08:45:01,051 [INFO] [2025-09-28 05:45:00 UTC] COWUSDT SELL at ~0.2788 | Held 25 candles | Open positions: 1
2025-09-28 11:15:03,848 [INFO] [2025-09-28 08:15:00 UTC] VOXELUSDT LONG BUY at ~0.05029 | Open positions: 2
2025-09-28 11:30:01,681 [INFO] [2025-09-28 08:30:00 UTC] VOXELUSDT LONG BUY at ~0.05032 | Open positions: 3
2025-09-28 12:00:01,061 [INFO] [2025-09-28 09:00:00 UTC] VOXELUSDT LONG BUY at ~0.04977 | Open positions: 4
2025-09-28 12:30:04,417 [INFO] [2025-09-28 09:30:00 UTC] VOXELUSDT SELL at ~0.04961 | Held 2 candles | Open positions: 3
2025-09-28 13:00:02,886 [INFO] [2025-09-28 10:00:00 UTC] VOXELUSDT SELL at ~0.04954 | Held 1 candles | Open positions: 2
2025-09-28 14:00:01,010 [INFO] [2025-09-28 11:00:00 UTC] VOXELUSDT LONG BUY at ~0.05181 | Open positions: 4
2025-09-28 14:00:01,016 [INFO] [2025-09-28 11:00:00 UTC] VOXELUSDT LONG BUY at ~0.05181 | Open positions: 4
2025-09-28 15:00:01,825 [INFO] [2025-09-28 12:00:00 UTC] VOXELUSDT SELL at ~0.05127 | Held 2 candles | Open positions: 3
2025-09-28 15:30:01,037 [INFO] [2025-09-28 12:30:00 UTC] VOXELUSDT LONG BUY at ~0.0527 | Open positions: 4
2025-09-28 16:32:25,207 [INFO] [Combined WS] Connection error: sent 1011 (internal error) keepalive ping timeout; no close frame received. Reconnecting in 0.1s...
2025-09-28 16:32:26,334 [INFO] [Combined WS] Connected to 79 streams
2025-09-28 17:00:00,879 [INFO] [2025-09-28 14:00:00 UTC] LQTYUSDT LONG BUY at ~0.7205 | Open positions: 6
2025-09-28 17:00:01,084 [INFO] [2025-09-28 14:00:00 UTC] LQTYUSDT LONG BUY at ~0.7205 | Open positions: 6
2025-09-28 17:30:01,135 [INFO] [2025-09-28 14:30:00 UTC] VOXELUSDT SELL at ~0.0537 | Held 4 candles | Open positions: 5
2025-09-28 17:30:03,322 [INFO] [2025-09-28 14:30:00 UTC] VOXELUSDT SELL at ~0.0537 | Held 25 candles | Open positions: 4
2025-09-28 17:45:00,991 [INFO] [2025-09-28 14:45:00 UTC] VOXELUSDT LONG BUY at ~0.05492 | Open positions: 6
2025-09-28 17:45:00,992 [INFO] [2025-09-28 14:45:00 UTC] COWUSDT LONG BUY at ~0.2929 | Open positions: 6
2025-09-28 19:00:02,153 [INFO] [2025-09-28 16:00:00 UTC] VOXELUSDT SELL at ~0.05077 | Held 5 candles | Open positions: 5
2025-09-28 19:15:01,632 [INFO] [2025-09-28 16:15:00 UTC] VOXELUSDT SELL at ~0.04956 | Held 6 candles | Open positions: 4
2025-09-28 19:30:00,616 [INFO] [2025-09-28 16:30:00 UTC] LINKUSDT LONG BUY at ~21.111 | Open positions: 6
2025-09-28 19:30:00,903 [INFO] [2025-09-28 16:30:00 UTC] BBUSDT LONG BUY at ~0.20737 | Open positions: 6
2025-09-28 21:45:01,016 [INFO] [2025-09-28 18:45:00 UTC] XVGUSDT LONG BUY at ~0.004859 | Open positions: 7
2025-09-28 22:30:00,996 [INFO] [2025-09-28 19:30:00 UTC] COWUSDT SELL at ~0.2879 | Held 19 candles | Open positions: 6
2025-09-29 00:00:01,556 [INFO] [2025-09-28 21:00:00 UTC] RUNEUSDT LONG BUY at ~1.15 | Open positions: 7
2025-09-29 01:10:00,727 [INFO] [2025-09-28 22:10:00 UTC] NEIROUSDT LONG BUY at ~0.0002732 | Open positions: 8
2025-09-29 01:15:01,078 [INFO] [2025-09-28 22:15:00 UTC] RUNEUSDT LONG BUY at ~1.155 | Open positions: 10
2025-09-29 01:15:01,129 [INFO] [2025-09-28 22:15:00 UTC] SYNUSDT LONG BUY at ~0.1109 | Open positions: 10
2025-09-29 01:15:01,394 [INFO] [2025-09-28 22:15:00 UTC] NEIROUSDT skipped (max positions reached).
2025-09-29 01:30:00,200 [INFO] [2025-09-28 22:30:00 UTC] ETHUSDT skipped (max positions reached).
2025-09-29 01:30:00,689 [INFO] [2025-09-28 22:30:00 UTC] PIXELUSDT skipped (max positions reached).
2025-09-29 01:30:01,150 [INFO] [2025-09-28 22:30:00 UTC] NEIROUSDT skipped (max positions reached).
2025-09-29 01:30:01,476 [INFO] [2025-09-28 22:30:00 UTC] WIFUSDT skipped (max positions reached).
2025-09-29 02:00:00,336 [INFO] [2025-09-28 23:00:00 UTC] AAVEUSDT skipped (max positions reached).
2025-09-29 02:00:00,343 [INFO] [2025-09-28 23:00:00 UTC] XRPUSDT skipped (max positions reached).
2025-09-29 02:00:00,418 [INFO] [2025-09-28 23:00:00 UTC] ADAUSDT skipped (max positions reached).
2025-09-29 03:00:01,489 [INFO] [2025-09-29 00:00:00 UTC] COWUSDT skipped (max positions reached).
2025-09-29 03:15:00,506 [INFO] [2025-09-29 00:15:00 UTC] COWUSDT skipped (max positions reached).
2025-09-29 03:30:00,384 [INFO] [2025-09-29 00:30:00 UTC] COWUSDT skipped (max positions reached).
2025-09-29 03:50:03,567 [INFO] [2025-09-29 00:50:00 UTC] NEIROUSDT SELL at ~0.0002721 | Held 32 candles | Open positions: 9
2025-09-29 04:00:01,111 [INFO] [2025-09-29 01:00:00 UTC] PIXELUSDT LONG BUY at ~0.02807 | Open positions: 10
2025-09-29 04:30:00,216 [INFO] [2025-09-29 01:30:00 UTC] COWUSDT skipped (max positions reached).
2025-09-29 05:00:00,249 [INFO] [2025-09-29 02:00:00 UTC] COWUSDT skipped (max positions reached).
2025-09-29 05:00:00,675 [INFO] [2025-09-29 02:00:00 UTC] ZENUSDT skipped (max positions reached).
2025-09-29 05:30:00,487 [INFO] [2025-09-29 02:30:00 UTC] COWUSDT skipped (max positions reached).
2025-09-29 06:00:00,185 [INFO] [2025-09-29 03:00:00 UTC] COWUSDT skipped (max positions reached).
2025-09-29 06:00:00,705 [INFO] [2025-09-29 03:00:00 UTC] BLURUSDT skipped (max positions reached).
2025-09-29 06:00:00,720 [INFO] [2025-09-29 03:00:00 UTC] ZENUSDT skipped (max positions reached).
2025-09-29 06:00:00,775 [INFO] [2025-09-29 03:00:00 UTC] XRPUSDT skipped (max positions reached).
2025-09-29 06:45:00,430 [INFO] [2025-09-29 03:45:00 UTC] COWUSDT skipped (max positions reached).
2025-09-29 07:00:00,210 [INFO] [2025-09-29 04:00:00 UTC] BNBUSDT skipped (max positions reached).
2025-09-29 07:15:00,351 [INFO] [2025-09-29 04:15:00 UTC] COWUSDT skipped (max positions reached).
2025-09-29 07:30:00,745 [INFO] [2025-09-29 04:30:00 UTC] PIXELUSDT SELL at ~0.02745 | Held 14 candles | Open positions: 9
2025-09-29 07:45:01,497 [INFO] [2025-09-29 04:45:00 UTC] THEUSDT LONG BUY at ~0.4913 | Open positions: 10
2025-09-29 08:00:00,599 [INFO] [2025-09-29 05:00:00 UTC] XVGUSDT skipped (max positions reached).
2025-09-29 08:00:00,602 [INFO] [2025-09-29 05:00:00 UTC] XVGUSDT skipped (max positions reached).
2025-09-29 08:00:00,790 [INFO] [2025-09-29 05:00:00 UTC] LINKUSDT SELL at ~21.343 | Held 25 candles | Open positions: 9
2025-09-29 08:00:03,052 [INFO] [2025-09-29 05:00:00 UTC] BLURUSDT LONG BUY at ~0.0746 | Open positions: 10
2025-09-29 08:15:00,385 [INFO] [2025-09-29 05:15:00 UTC] COWUSDT skipped (max positions reached).
2025-09-29 08:30:00,401 [INFO] [2025-09-29 05:30:00 UTC] XVGUSDT skipped (max positions reached).
2025-09-29 08:30:00,444 [INFO] [2025-09-29 05:30:00 UTC] COWUSDT skipped (max positions reached).
2025-09-29 08:45:00,220 [INFO] [2025-09-29 05:45:00 UTC] COWUSDT skipped (max positions reached).
2025-09-29 09:00:00,645 [INFO] [2025-09-29 06:00:00 UTC] ZENUSDT skipped (max positions reached).
2025-09-29 09:00:01,083 [INFO] [2025-09-29 06:00:00 UTC] JUPUSDT skipped (max positions reached).
2025-09-29 09:00:03,490 [INFO] [2025-09-29 06:00:00 UTC] SAGAUSDT skipped (max positions reached).
2025-09-29 09:00:03,512 [INFO] [2025-09-29 06:00:00 UTC] LQTYUSDT SELL at ~0.716 | Held 32 candles | Open positions: 9
2025-09-29 09:15:03,453 [INFO] [2025-09-29 06:15:00 UTC] RUNEUSDT SELL at ~1.152 | Held 32 candles | Open positions: 8
2025-09-29 09:15:03,720 [INFO] [2025-09-29 06:15:00 UTC] SYNUSDT SELL at ~0.1104 | Held 32 candles | Open positions: 7
2025-09-29 10:00:00,694 [INFO] [2025-09-29 07:00:00 UTC] COWUSDT LONG BUY at ~0.3373 | Open positions: 9
2025-09-29 10:00:00,780 [INFO] [2025-09-29 07:00:00 UTC] BRETTUSDT LONG BUY at ~0.0406 | Open positions: 9
2025-09-29 11:00:01,563 [INFO] [2025-09-29 08:00:00 UTC] ZENUSDT skipped (max positions reached).
2025-09-29 11:00:01,800 [INFO] [2025-09-29 08:00:00 UTC] XRPUSDT LONG BUY at ~2.8854 | Open positions: 10
2025-09-29 11:00:02,091 [INFO] [2025-09-29 08:00:00 UTC] COWUSDT SELL at ~0.3281 | Held 4 candles | Open positions: 9
2025-09-29 11:15:03,599 [INFO] [2025-09-29 08:15:00 UTC] BRUSDT LONG BUY at ~0.07706 | Open positions: 10
2025-09-29 11:30:00,964 [INFO] [2025-09-29 08:30:00 UTC] BBUSDT SELL at ~0.1995 | Held 32 candles | Open positions: 9
2025-09-29 11:45:03,632 [INFO] [2025-09-29 08:45:00 UTC] BRUSDT SELL at ~0.07701 | Held 2 candles | Open positions: 8
2025-09-29 12:00:00,997 [INFO] [2025-09-29 09:00:00 UTC] ZENUSDT LONG BUY at ~7.189 | Open positions: 9
2025-09-29 12:00:02,722 [INFO] [2025-09-29 09:00:00 UTC] THEUSDT SELL at ~0.4464 | Held 17 candles | Open positions: 8
2025-09-29 13:00:02,104 [INFO] [2025-09-29 10:00:00 UTC] BRETTUSDT SELL at ~0.04084 | Held 6 candles | Open positions: 7
2025-09-29 14:00:03,132 [INFO] [2025-09-29 11:00:00 UTC] XVGUSDT SELL at ~0.004995 | Held 65 candles | Open positions: 6
2025-09-29 14:30:02,081 [INFO] [2025-09-29 11:30:00 UTC] DIAUSDT LONG BUY at ~0.5704 | Open positions: 7
2025-09-29 15:00:02,072 [INFO] [2025-09-29 12:00:00 UTC] DIAUSDT SELL at ~0.5711 | Held 1 candles | Open positions: 6
2025-09-29 15:00:03,541 [INFO] [2025-09-29 12:00:00 UTC] LQTYUSDT SELL at ~0.7097 | Held 22 candles | Open positions: 5
2025-09-29 15:30:01,387 [INFO] [2025-09-29 12:30:00 UTC] RUNEUSDT SELL at ~1.143 | Held 31 candles | Open positions: 4
2025-09-29 17:00:00,997 [INFO] [2025-09-29 14:00:00 UTC] WIFUSDT skipped (max positions reached).
2025-09-29 17:00:01,006 [INFO] [2025-09-29 14:00:00 UTC] WIFUSDT skipped (max positions reached).
2025-09-29 17:00:01,035 [INFO] [2025-09-29 14:00:00 UTC] DOTUSDT LONG BUY at ~3.941 | Open positions: 10
2025-09-29 17:00:01,035 [INFO] [2025-09-29 14:00:00 UTC] ADAUSDT LONG BUY at ~0.8061 | Open positions: 10
2025-09-29 17:00:01,036 [INFO] [2025-09-29 14:00:00 UTC] BTCUSDT LONG BUY at ~113168.2 | Open positions: 10
2025-09-29 17:00:01,036 [INFO] [2025-09-29 14:00:00 UTC] ETHUSDT LONG BUY at ~4166.99 | Open positions: 10
2025-09-29 17:00:01,292 [INFO] [2025-09-29 14:00:00 UTC] AAVEUSDT skipped (max positions reached).
2025-09-29 17:00:01,340 [INFO] [2025-09-29 14:00:00 UTC] BRETTUSDT skipped (max positions reached).
2025-09-29 17:00:01,353 [INFO] [2025-09-29 14:00:00 UTC] SOLUSDT LONG BUY at ~208.7 | Open positions: 10
2025-09-29 17:00:01,353 [INFO] [2025-09-29 14:00:00 UTC] SOLUSDT LONG BUY at ~208.7 | Open positions: 10
2025-09-29 17:00:01,496 [INFO] [2025-09-29 14:00:00 UTC] ONDOUSDT skipped (max positions reached).
2025-09-29 17:00:01,863 [INFO] [2025-09-29 14:00:00 UTC] TURBOUSDT skipped (max positions reached).
2025-09-29 17:09:16,143 [INFO] [Combined WS] Connection error: sent 1011 (internal error) keepalive ping timeout; no close frame received. Reconnecting in 0.1s...
2025-09-29 17:09:17,223 [INFO] [Combined WS] Connected to 79 streams
2025-09-29 17:15:00,675 [INFO] [2025-09-29 14:15:00 UTC] MEWUSDT skipped (max positions reached).
2025-09-29 17:15:00,678 [INFO] [2025-09-29 14:15:00 UTC] AEROUSDT skipped (max positions reached).
2025-09-29 17:15:00,699 [INFO] [2025-09-29 14:15:00 UTC] RUNEUSDT skipped (max positions reached).
2025-09-29 17:15:00,737 [INFO] [2025-09-29 14:15:00 UTC] TURBOUSDT skipped (max positions reached).
2025-09-29 17:30:00,442 [INFO] [2025-09-29 14:30:00 UTC] BRETTUSDT skipped (max positions reached).
2025-09-29 17:30:00,659 [INFO] [2025-09-29 14:30:00 UTC] WIFUSDT skipped (max positions reached).
2025-09-29 17:45:00,795 [INFO] [2025-09-29 14:45:00 UTC] RUNEUSDT skipped (max positions reached).
2025-09-29 18:00:00,302 [INFO] [2025-09-29 15:00:00 UTC] RUNEUSDT skipped (max positions reached).
2025-09-29 18:00:00,350 [INFO] [2025-09-29 15:00:00 UTC] BNBUSDT skipped (max positions reached).
2025-09-29 18:00:00,829 [INFO] [2025-09-29 15:00:00 UTC] XVGUSDT skipped (max positions reached).
2025-09-29 18:00:00,837 [INFO] [2025-09-29 15:00:00 UTC] TURBOUSDT skipped (max positions reached).
2025-09-29 18:00:00,840 [INFO] [2025-09-29 15:00:00 UTC] BEAMXUSDT skipped (max positions reached).
2025-09-29 18:30:00,426 [INFO] [2025-09-29 15:30:00 UTC] SYNUSDT skipped (max positions reached).
2025-09-29 18:45:00,297 [INFO] [2025-09-29 15:45:00 UTC] SYNUSDT skipped (max positions reached).
2025-09-29 19:00:01,568 [INFO] [2025-09-29 16:00:00 UTC] SOLUSDT SELL at ~209.96 | Held 4 candles | Open positions: 9
2025-09-29 19:15:01,000 [INFO] [2025-09-29 16:15:00 UTC] XVGUSDT LONG BUY at ~0.005033 | Open positions: 10
2025-09-29 19:30:00,187 [INFO] [2025-09-29 16:30:00 UTC] SYNUSDT skipped (max positions reached).
2025-09-29 19:30:01,040 [INFO] [2025-09-29 16:30:00 UTC] XVGUSDT SELL at ~0.004985 | Held 1 candles | Open positions: 9
2025-09-29 19:45:01,015 [INFO] [2025-09-29 16:45:00 UTC] SYNUSDT LONG BUY at ~0.118 | Open positions: 10
2025-09-29 20:00:00,537 [INFO] [2025-09-29 17:00:00 UTC] BEAMXUSDT skipped (max positions reached).
2025-09-29 22:15:00,253 [INFO] [2025-09-29 19:15:00 UTC] COWUSDT skipped (max positions reached).
2025-09-29 23:00:00,258 [INFO] [2025-09-29 20:00:00 UTC] COWUSDT skipped (max positions reached).
2025-09-30 01:06:15,848 [INFO] [Combined WS] Connection error: sent 1011 (internal error) keepalive ping timeout; no close frame received. Reconnecting in 0.1s...
2025-09-30 01:06:17,076 [INFO] [Combined WS] Connected to 79 streams
2025-09-30 03:30:01,173 [INFO] [2025-09-30 00:30:00 UTC] SYNUSDT SELL at ~0.1155 | Held 31 candles | Open positions: 9
2025-09-30 04:00:00,673 [INFO] [2025-09-30 01:00:00 UTC] DOTUSDT SELL at ~3.951 | Held 11 candles | Open positions: 8
2025-09-30 04:30:03,567 [INFO] [2025-09-30 01:30:00 UTC] RONINUSDT LONG BUY at ~0.469 | Open positions: 9
2025-09-30 05:15:38,533 [INFO] [Combined WS] Connection error: sent 1011 (internal error) keepalive ping timeout; no close frame received. Reconnecting in 0.1s...
2025-09-30 05:15:39,613 [INFO] [Combined WS] Connected to 79 streams
2025-09-30 05:30:04,278 [INFO] [2025-09-30 02:30:00 UTC] RONINUSDT SELL at ~0.4674 | Held 2 candles | Open positions: 8
2025-09-30 06:30:02,171 [INFO] [2025-09-30 03:30:00 UTC] CFXUSDT LONG BUY at ~0.14472 | Open positions: 9
2025-09-30 09:00:01,530 [INFO] [2025-09-30 06:00:00 UTC] CFXUSDT SELL at ~0.14417 | Held 5 candles | Open positions: 8
2025-09-30 10:00:01,016 [INFO] [2025-09-30 07:00:00 UTC] ADAUSDT SELL at ~0.8002 | Held 17 candles | Open positions: 7
2025-09-30 10:00:01,953 [INFO] [2025-09-30 07:00:00 UTC] BLURUSDT SELL at ~0.07273 | Held 26 candles | Open positions: 6
2025-09-30 10:30:05,368 [INFO] [2025-09-30 07:30:00 UTC] RONINUSDT LONG BUY at ~0.4773 | Open positions: 7
2025-09-30 11:00:01,084 [INFO] [2025-09-30 08:00:00 UTC] SOLUSDT SELL at ~208.9 | Held 18 candles | Open positions: 7
2025-09-30 11:00:01,085 [INFO] [2025-09-30 08:00:00 UTC] ETHUSDT SELL at ~4180.99 | Held 36 candles | Open positions: 6
2025-09-30 11:00:02,187 [INFO] [2025-09-30 08:00:00 UTC] FXSUSDT LONG BUY at ~2.188 | Open positions: 7
2025-09-30 11:00:02,207 [INFO] [2025-09-30 08:00:00 UTC] ARKUSDT LONG BUY at ~0.4207 | Open positions: 7
2025-09-30 11:30:01,032 [INFO] [2025-09-30 08:30:00 UTC] RONINUSDT SELL at ~0.4759 | Held 2 candles | Open positions: 6
2025-09-30 12:00:00,810 [INFO] [2025-09-30 09:00:00 UTC] XRPUSDT SELL at ~2.8543 | Held 25 candles | Open positions: 5
2025-09-30 14:00:01,049 [INFO] [2025-09-30 11:00:00 UTC] BRUSDT LONG BUY at ~0.06705 | Open positions: 6
2025-09-30 14:45:00,647 [INFO] [2025-09-30 11:45:00 UTC] BRUSDT SELL at ~0.06707 | Held 3 candles | Open positions: 5
2025-09-30 15:00:01,042 [INFO] [2025-09-30 12:00:00 UTC] MYROUSDT LONG BUY at ~0.01893 | Open positions: 6
2025-09-30 15:30:01,191 [INFO] [2025-09-30 12:30:00 UTC] RONINUSDT LONG BUY at ~0.4708 | Open positions: 7
2025-09-30 16:00:01,013 [INFO] [2025-09-30 13:00:00 UTC] ZENUSDT SELL at ~7.249 | Held 28 candles | Open positions: 6
2025-09-30 16:00:03,932 [INFO] [2025-09-30 13:00:00 UTC] RONINUSDT SELL at ~0.4659 | Held 1 candles | Open positions: 5
2025-09-30 16:30:00,990 [INFO] [2025-09-30 13:30:00 UTC] ONDOUSDT LONG BUY at ~0.8817 | Open positions: 7
2025-09-30 16:30:01,807 [INFO] [2025-09-30 13:30:00 UTC] AEROUSDT LONG BUY at ~1.0148 | Open positions: 7
2025-09-30 17:00:01,121 [INFO] [2025-09-30 14:00:00 UTC] FXSUSDT SELL at ~2.1065 | Held 6 candles | Open positions: 6
2025-09-30 17:00:02,606 [INFO] [2025-09-30 14:00:00 UTC] BEAMXUSDT LONG BUY at ~0.008034 | Open positions: 7
2025-09-30 17:30:01,506 [INFO] [2025-09-30 14:30:00 UTC] ONDOUSDT SELL at ~0.8755 | Held 2 candles | Open positions: 6
2025-09-30 17:30:01,575 [INFO] [2025-09-30 14:30:00 UTC] AEROUSDT SELL at ~1.0033 | Held 4 candles | Open positions: 5
2025-09-30 17:30:03,630 [INFO] [2025-09-30 14:30:00 UTC] MYROUSDT SELL at ~0.01874 | Held 5 candles | Open positions: 4
2025-09-30 18:00:01,006 [INFO] [2025-09-30 15:00:00 UTC] ZENUSDT LONG BUY at ~7.513 | Open positions: 5
2025-09-30 18:07:16,717 [INFO] [Combined WS] Connection error: sent 1011 (internal error) keepalive ping timeout; no close frame received. Reconnecting in 0.1s...
2025-09-30 18:07:17,812 [INFO] [Combined WS] Connected to 79 streams
2025-09-30 18:30:01,912 [INFO] [2025-09-30 15:30:00 UTC] ARKUSDT SELL at ~0.4156 | Held 15 candles | Open positions: 4
2025-09-30 19:00:02,182 [INFO] [2025-09-30 16:00:00 UTC] BEAMXUSDT SELL at ~0.007845 | Held 2 candles | Open positions: 3
2025-09-30 20:22:35,269 [INFO] [Combined WS] Connection error: sent 1011 (internal error) keepalive ping timeout; no close frame received. Reconnecting in 0.1s...
2025-09-30 20:22:36,381 [INFO] [Combined WS] Connected to 79 streams
2025-09-30 20:40:01,573 [INFO] [2025-09-30 17:40:00 UTC] NEIROUSDT LONG BUY at ~0.0002631 | Open positions: 4
2025-09-30 20:45:00,653 [INFO] [2025-09-30 17:45:00 UTC] BRUSDT LONG BUY at ~0.06797 | Open positions: 5
2025-09-30 21:30:00,778 [INFO] [2025-09-30 18:30:00 UTC] BRUSDT SELL at ~0.06754 | Held 3 candles | Open positions: 4
2025-09-30 22:45:51,722 [INFO] [Combined WS] Connection error: sent 1011 (internal error) keepalive ping timeout; no close frame received. Reconnecting in 0.1s...
2025-09-30 22:45:52,807 [INFO] [Combined WS] Connected to 79 streams
2025-09-30 23:00:01,708 [INFO] [2025-09-30 20:00:00 UTC] SAGAUSDT LONG BUY at ~0.2077 | Open positions: 6
2025-09-30 23:00:05,477 [INFO] [2025-09-30 20:00:00 UTC] BEAMXUSDT LONG BUY at ~0.008314 | Open positions: 6
2025-09-30 23:30:01,730 [INFO] [2025-09-30 20:30:00 UTC] MEWUSDT LONG BUY at ~0.002605 | Open positions: 8
2025-09-30 23:30:02,218 [INFO] [2025-09-30 20:30:00 UTC] MEWUSDT LONG BUY at ~0.002605 | Open positions: 8
2025-10-01 00:00:00,756 [INFO] [2025-09-30 21:00:00 UTC] BRETTUSDT LONG BUY at ~0.04142 | Open positions: 9
2025-10-01 02:00:01,124 [INFO] [2025-09-30 23:00:00 UTC] BTCUSDT SELL at ~113883.4 | Held 33 candles | Open positions: 8
2025-10-01 02:00:01,559 [INFO] [2025-09-30 23:00:00 UTC] NEIROUSDT SELL at ~0.000266 | Held 64 candles | Open positions: 7
2025-10-01 07:00:03,616 [INFO] [2025-10-01 04:00:00 UTC] MEWUSDT SELL at ~0.002573 | Held 30 candles | Open positions: 6
2025-10-01 07:45:03,673 [INFO] [2025-10-01 04:45:00 UTC] THEUSDT LONG BUY at ~0.4165 | Open positions: 7
2025-10-01 08:45:02,387 [INFO] [2025-10-01 05:45:00 UTC] THEUSDT SELL at ~0.4101 | Held 4 candles | Open positions: 6
2025-10-01 08:45:03,515 [INFO] [2025-10-01 05:45:00 UTC] XVGUSDT LONG BUY at ~0.005136 | Open positions: 7
2025-10-01 09:00:01,307 [INFO] [2025-10-01 06:00:00 UTC] XVGUSDT LONG BUY at ~0.00508 | Open positions: 8
2025-10-01 10:30:00,980 [INFO] [2025-10-01 07:30:00 UTC] SAGAUSDT SELL at ~0.2091 | Held 23 candles | Open positions: 8
2025-10-01 10:30:01,165 [INFO] [2025-10-01 07:30:00 UTC] XVGUSDT LONG BUY at ~0.005227 | Open positions: 8
2025-10-01 10:35:03,605 [INFO] [2025-10-01 07:35:00 UTC] NEIROUSDT LONG BUY at ~0.0002696 | Open positions: 9
2025-10-01 10:50:02,855 [INFO] [2025-10-01 07:50:00 UTC] NEIROUSDT SELL at ~0.0002688 | Held 3 candles | Open positions: 8
2025-10-01 11:00:02,106 [INFO] [2025-10-01 08:00:00 UTC] BRETTUSDT SELL at ~0.04097 | Held 22 candles | Open positions: 7
2025-10-01 11:00:02,655 [INFO] [2025-10-01 08:00:00 UTC] BEAMXUSDT SELL at ~0.008167 | Held 12 candles | Open positions: 6
2025-10-01 11:00:03,569 [INFO] [2025-10-01 08:00:00 UTC] MEWUSDT SELL at ~0.002604 | Held 23 candles | Open positions: 5
2025-10-01 11:35:00,727 [INFO] [2025-10-01 08:35:00 UTC] NEIROUSDT LONG BUY at ~0.0002737 | Open positions: 6
2025-10-01 11:45:00,474 [INFO] [2025-10-01 08:45:00 UTC] 1000CATUSDT skipped (max positions reached).
2025-10-01 11:45:00,489 [INFO] [2025-10-01 08:45:00 UTC] AEROUSDT skipped (max positions reached).
2025-10-01 11:45:00,664 [INFO] [2025-10-01 08:45:00 UTC] WIFUSDT LONG BUY at ~0.7451 | Open positions: 10
2025-10-01 11:45:00,790 [INFO] [2025-10-01 08:45:00 UTC] THEUSDT skipped (max positions reached).
2025-10-01 11:45:00,796 [INFO] [2025-10-01 08:45:00 UTC] MEWUSDT skipped (max positions reached).
2025-10-01 11:45:00,796 [INFO] [2025-10-01 08:45:00 UTC] TURBOUSDT LONG BUY at ~0.0035848 | Open positions: 10
2025-10-01 11:45:00,962 [INFO] [2025-10-01 08:45:00 UTC] RUNEUSDT LONG BUY at ~1.18 | Open positions: 10
2025-10-01 11:45:01,040 [INFO] [2025-10-01 08:45:00 UTC] NEIROUSDT LONG BUY at ~0.0002794 | Open positions: 10
2025-10-01 11:45:03,297 [INFO] [2025-10-01 08:45:00 UTC] DIAUSDT skipped (max positions reached).
2025-10-01 12:00:00,195 [INFO] [2025-10-01 09:00:00 UTC] ETHUSDT skipped (max positions reached).
2025-10-01 12:00:00,245 [INFO] [2025-10-01 09:00:00 UTC] ETHUSDT skipped (max positions reached).
2025-10-01 12:00:00,250 [INFO] [2025-10-01 09:00:00 UTC] ADAUSDT skipped (max positions reached).
2025-10-01 12:00:00,254 [INFO] [2025-10-01 09:00:00 UTC] XRPUSDT skipped (max positions reached).
2025-10-01 12:00:00,380 [INFO] [2025-10-01 09:00:00 UTC] SOLUSDT skipped (max positions reached).
2025-10-01 12:00:00,384 [INFO] [2025-10-01 09:00:00 UTC] SOLUSDT skipped (max positions reached).
2025-10-01 12:00:00,388 [INFO] [2025-10-01 09:00:00 UTC] CFXUSDT skipped (max positions reached).
2025-10-01 12:00:00,392 [INFO] [2025-10-01 09:00:00 UTC] CFXUSDT skipped (max positions reached).
2025-10-01 12:00:00,395 [INFO] [2025-10-01 09:00:00 UTC] LINKUSDT skipped (max positions reached).
2025-10-01 12:00:00,403 [INFO] [2025-10-01 09:00:00 UTC] BTCUSDT skipped (max positions reached).
2025-10-01 12:00:00,486 [INFO] [2025-10-01 09:00:00 UTC] AAVEUSDT skipped (max positions reached).
2025-10-01 12:00:00,499 [INFO] [2025-10-01 09:00:00 UTC] SUIUSDT skipped (max positions reached).
2025-10-01 12:00:00,840 [INFO] [2025-10-01 09:00:00 UTC] SAGAUSDT skipped (max positions reached).
2025-10-01 12:00:00,843 [INFO] [2025-10-01 09:00:00 UTC] WIFUSDT skipped (max positions reached).
2025-10-01 12:00:00,859 [INFO] [2025-10-01 09:00:00 UTC] DOTUSDT skipped (max positions reached).
2025-10-01 12:00:00,864 [INFO] [2025-10-01 09:00:00 UTC] ROSEUSDT skipped (max positions reached).
2025-10-01 12:00:00,873 [INFO] [2025-10-01 09:00:00 UTC] JUPUSDT skipped (max positions reached).
2025-10-01 12:00:00,877 [INFO] [2025-10-01 09:00:00 UTC] TURBOUSDT skipped (max positions reached).
2025-10-01 12:00:00,881 [INFO] [2025-10-01 09:00:00 UTC] BBUSDT skipped (max positions reached).
2025-10-01 12:00:00,884 [INFO] [2025-10-01 09:00:00 UTC] NEIROUSDT skipped (max positions reached).
2025-10-01 12:00:00,888 [INFO] [2025-10-01 09:00:00 UTC] BLURUSDT skipped (max positions reached).
2025-10-01 12:00:00,897 [INFO] [2025-10-01 09:00:00 UTC] ONDOUSDT skipped (max positions reached).
2025-10-01 12:00:00,901 [INFO] [2025-10-01 09:00:00 UTC] BRETTUSDT skipped (max positions reached).
2025-10-01 12:00:00,909 [INFO] [2025-10-01 09:00:00 UTC] ARBUSDT skipped (max positions reached).
2025-10-01 12:00:00,913 [INFO] [2025-10-01 09:00:00 UTC] MEWUSDT skipped (max positions reached).
2025-10-01 12:00:00,917 [INFO] [2025-10-01 09:00:00 UTC] MEWUSDT skipped (max positions reached).
2025-10-01 12:00:00,925 [INFO] [2025-10-01 09:00:00 UTC] CKBUSDT skipped (max positions reached).
2025-10-01 12:00:00,931 [INFO] [2025-10-01 09:00:00 UTC] BIGTIMEUSDT skipped (max positions reached).
2025-10-01 12:00:01,241 [INFO] [2025-10-01 09:00:00 UTC] LQTYUSDT skipped (max positions reached).
2025-10-01 12:00:01,246 [INFO] [2025-10-01 09:00:00 UTC] STXUSDT skipped (max positions reached).
2025-10-01 12:00:01,250 [INFO] [2025-10-01 09:00:00 UTC] CAKEUSDT skipped (max positions reached).
2025-10-01 12:00:01,260 [INFO] [2025-10-01 09:00:00 UTC] EGLDUSDT skipped (max positions reached).
2025-10-01 12:00:01,269 [INFO] [2025-10-01 09:00:00 UTC] RUNEUSDT skipped (max positions reached).
2025-10-01 12:00:01,274 [INFO] [2025-10-01 09:00:00 UTC] 1000CATUSDT skipped (max positions reached).
2025-10-01 12:00:01,277 [INFO] [2025-10-01 09:00:00 UTC] 1000CATUSDT skipped (max positions reached).
2025-10-01 12:00:01,282 [INFO] [2025-10-01 09:00:00 UTC] RONINUSDT skipped (max positions reached).
2025-10-01 12:00:01,301 [INFO] [2025-10-01 09:00:00 UTC] BRUSDT skipped (max positions reached).
2025-10-01 12:00:01,306 [INFO] [2025-10-01 09:00:00 UTC] BEAMXUSDT skipped (max positions reached).
2025-10-01 12:00:01,483 [INFO] [2025-10-01 09:00:00 UTC] MAGICUSDT skipped (max positions reached).
2025-10-01 12:00:02,199 [INFO] [2025-10-01 09:00:00 UTC] RSRUSDT skipped (max positions reached).
2025-10-01 12:00:02,243 [INFO] [2025-10-01 09:00:00 UTC] GMXUSDT skipped (max positions reached).
2025-10-01 12:00:03,297 [INFO] [2025-10-01 09:00:00 UTC] DIAUSDT skipped (max positions reached).
2025-10-01 12:00:03,458 [INFO] [2025-10-01 09:00:00 UTC] DIAUSDT skipped (max positions reached).
2025-10-01 12:00:03,462 [INFO] [2025-10-01 09:00:00 UTC] MYROUSDT skipped (max positions reached).
2025-10-01 12:15:00,616 [INFO] [2025-10-01 09:15:00 UTC] BRUSDT skipped (max positions reached).
2025-10-01 12:15:01,797 [INFO] [2025-10-01 09:15:00 UTC] MEWUSDT skipped (max positions reached).
2025-10-01 12:30:00,257 [INFO] [2025-10-01 09:30:00 UTC] ETHUSDT skipped (max positions reached).
2025-10-01 12:30:00,395 [INFO] [2025-10-01 09:30:00 UTC] ONDOUSDT skipped (max positions reached).
2025-10-01 12:30:00,410 [INFO] [2025-10-01 09:30:00 UTC] NEIROUSDT skipped (max positions reached).
2025-10-01 12:30:00,583 [INFO] [2025-10-01 09:30:00 UTC] BRETTUSDT skipped (max positions reached).
2025-10-01 12:30:02,142 [INFO] [2025-10-01 09:30:00 UTC] GMXUSDT skipped (max positions reached).
2025-10-01 12:30:02,553 [INFO] [2025-10-01 09:30:00 UTC] MEWUSDT skipped (max positions reached).
2025-10-01 12:30:03,281 [INFO] [2025-10-01 09:30:00 UTC] DIAUSDT skipped (max positions reached).
2025-10-01 13:00:00,536 [INFO] [2025-10-01 10:00:00 UTC] XRPUSDT skipped (max positions reached).
2025-10-01 13:00:01,249 [INFO] [2025-10-01 10:00:00 UTC] TURBOUSDT skipped (max positions reached).
2025-10-01 14:15:03,241 [INFO] [2025-10-01 11:15:00 UTC] MEWUSDT skipped (max positions reached).
2025-10-01 14:30:03,214 [INFO] [2025-10-01 11:30:00 UTC] MEWUSDT skipped (max positions reached).
2025-10-01 14:40:04,162 [INFO] [2025-10-01 11:40:00 UTC] NEIROUSDT SELL at ~0.000281 | Held 37 candles | Open positions: 9
2025-10-01 14:45:00,817 [INFO] [2025-10-01 11:45:00 UTC] WIFUSDT SELL at ~0.7402 | Held 12 candles | Open positions: 8
2025-10-01 15:15:01,388 [INFO] [2025-10-01 12:15:00 UTC] TURBOUSDT SELL at ~0.0036425 | Held 14 candles | Open positions: 7
2025-10-01 15:45:01,343 [INFO] [2025-10-01 12:45:00 UTC] BRUSDT LONG BUY at ~0.07338 | Open positions: 8
2025-10-01 16:30:01,197 [INFO] [2025-10-01 13:30:00 UTC] SYNUSDT LONG BUY at ~0.1173 | Open positions: 9
2025-10-01 16:45:01,052 [INFO] [2025-10-01 13:45:00 UTC] BRUSDT SELL at ~0.07566 | Held 4 candles | Open positions: 8
2025-10-01 17:00:01,284 [INFO] [2025-10-01 14:00:00 UTC] BIGTIMEUSDT LONG BUY at ~0.04838 | Open positions: 9
2025-10-01 19:00:02,065 [INFO] [2025-10-01 16:00:00 UTC] ONDOUSDT LONG BUY at ~0.9316 | Open positions: 10
2025-10-01 19:30:03,427 [INFO] [2025-10-01 16:30:00 UTC] MYROUSDT skipped (max positions reached).
2025-10-01 19:45:01,037 [INFO] [2025-10-01 16:45:00 UTC] SYNUSDT SELL at ~0.1165 | Held 13 candles | Open positions: 9
2025-10-01 20:00:00,820 [INFO] [2025-10-01 17:00:00 UTC] NEIROUSDT SELL at ~0.0002789 | Held 33 candles | Open positions: 8
2025-10-01 20:00:02,805 [INFO] [2025-10-01 17:00:00 UTC] ONDOUSDT SELL at ~0.9247 | Held 2 candles | Open positions: 7
2025-10-01 20:30:02,381 [INFO] [2025-10-01 17:30:00 UTC] BRETTUSDT LONG BUY at ~0.04325 | Open positions: 8
2025-10-01 20:45:03,778 [INFO] [2025-10-01 17:45:00 UTC] RUNEUSDT SELL at ~1.191 | Held 36 candles | Open positions: 7
2025-10-01 23:00:01,554 [INFO] [2025-10-01 20:00:00 UTC] XVGUSDT SELL at ~0.006181 | Held 25 candles | Open positions: 6
2025-10-01 23:00:02,540 [INFO] [2025-10-01 20:00:00 UTC] ROSEUSDT LONG BUY at ~0.02684 | Open positions: 7
2025-10-01 23:30:00,792 [INFO] [2025-10-01 20:30:00 UTC] RSRUSDT LONG BUY at ~0.006418 | Open positions: 8
2025-10-01 23:30:03,789 [INFO] [2025-10-01 20:30:00 UTC] BRETTUSDT SELL at ~0.04344 | Held 6 candles | Open positions: 7
2025-10-02 00:00:00,760 [INFO] [2025-10-01 21:00:00 UTC] XVGUSDT LONG BUY at ~0.006148 | Open positions: 8
2025-10-02 01:00:00,938 [INFO] [2025-10-01 22:00:00 UTC] XVGUSDT SELL at ~0.006113 | Held 65 candles | Open positions: 7
2025-10-02 01:30:01,442 [INFO] [2025-10-01 22:30:00 UTC] GMXUSDT LONG BUY at ~15.778 | Open positions: 8
2025-10-02 03:05:01,147 [INFO] [2025-10-02 00:05:00 UTC] NEIROUSDT LONG BUY at ~0.0002818 | Open positions: 9
2025-10-02 03:15:01,112 [INFO] [2025-10-02 00:15:00 UTC] AEROUSDT LONG BUY at ~1.1128 | Open positions: 10
2025-10-02 03:40:01,952 [INFO] [2025-10-02 00:40:00 UTC] NEIROUSDT SELL at ~0.0002807 | Held 7 candles | Open positions: 9
2025-10-02 04:30:01,033 [INFO] [2025-10-02 01:30:00 UTC] RONINUSDT LONG BUY at ~0.4809 | Open positions: 10
2025-10-02 05:15:02,450 [INFO] [2025-10-02 02:15:00 UTC] BRUSDT skipped (max positions reached).
2025-10-02 05:45:00,504 [INFO] [2025-10-02 02:45:00 UTC] XVGUSDT skipped (max positions reached).
2025-10-02 06:00:01,079 [INFO] [2025-10-02 03:00:00 UTC] RONINUSDT SELL at ~0.4826 | Held 3 candles | Open positions: 9
2025-10-02 06:45:00,761 [INFO] [2025-10-02 03:45:00 UTC] XVGUSDT LONG BUY at ~0.006582 | Open positions: 10
2025-10-02 07:30:00,213 [INFO] [2025-10-02 04:30:00 UTC] BRUSDT skipped (max positions reached).
2025-10-02 07:30:03,404 [INFO] [2025-10-02 04:30:00 UTC] DIAUSDT skipped (max positions reached).
2025-10-02 07:30:03,425 [INFO] [2025-10-02 04:30:00 UTC] DIAUSDT skipped (max positions reached).
2025-10-02 08:45:00,350 [INFO] [2025-10-02 05:45:00 UTC] 1000CATUSDT skipped (max positions reached).
2025-10-02 09:00:00,717 [INFO] [2025-10-02 06:00:00 UTC] EGLDUSDT skipped (max positions reached).
2025-10-02 09:00:03,469 [INFO] [2025-10-02 06:00:00 UTC] 1000CATUSDT skipped (max positions reached).
2025-10-02 09:00:03,502 [INFO] [2025-10-02 06:00:00 UTC] 1000CATUSDT skipped (max positions reached).
2025-10-02 09:30:00,291 [INFO] [2025-10-02 06:30:00 UTC] MYROUSDT skipped (max positions reached).
2025-10-02 09:30:01,641 [INFO] [2025-10-02 06:30:00 UTC] AEROUSDT SELL at ~1.1415 | Held 25 candles | Open positions: 9
2025-10-02 09:35:03,580 [INFO] [2025-10-02 06:35:00 UTC] NEIROUSDT LONG BUY at ~0.0002893 | Open positions: 10
2025-10-02 09:45:01,382 [INFO] [2025-10-02 06:45:00 UTC] NEIROUSDT skipped (max positions reached).
2025-10-02 09:45:03,297 [INFO] [2025-10-02 06:45:00 UTC] THEUSDT skipped (max positions reached).
2025-10-02 10:30:00,230 [INFO] [2025-10-02 07:30:00 UTC] BBUSDT skipped (max positions reached).
2025-10-02 10:45:01,034 [INFO] [2025-10-02 07:45:00 UTC] NEIROUSDT SELL at ~0.0002868 | Held 14 candles | Open positions: 9
2025-10-02 11:30:00,576 [INFO] [2025-10-02 08:30:00 UTC] THEUSDT LONG BUY at ~0.4302 | Open positions: 10
2025-10-02 11:30:00,630 [INFO] [2025-10-02 08:30:00 UTC] RUNEUSDT skipped (max positions reached).
2025-10-02 11:30:00,633 [INFO] [2025-10-02 08:30:00 UTC] RUNEUSDT skipped (max positions reached).
2025-10-02 11:30:01,125 [INFO] [2025-10-02 08:30:00 UTC] BRETTUSDT skipped (max positions reached).
2025-10-02 12:15:00,371 [INFO] [2025-10-02 09:15:00 UTC] SYNUSDT skipped (max positions reached).
2025-10-02 12:30:00,983 [INFO] [2025-10-02 09:30:00 UTC] XVGUSDT SELL at ~0.00677 | Held 25 candles | Open positions: 9
2025-10-02 13:00:00,668 [INFO] [2025-10-02 10:00:00 UTC] BBUSDT skipped (max positions reached).
2025-10-02 13:00:00,955 [INFO] [2025-10-02 10:00:00 UTC] MYROUSDT LONG BUY at ~0.02074 | Open positions: 10
2025-10-02 14:00:03,879 [INFO] [2025-10-02 11:00:00 UTC] GMXUSDT SELL at ~16.026 | Held 25 candles | Open positions: 9
2025-10-02 15:00:01,135 [INFO] [2025-10-02 12:00:00 UTC] ZENUSDT SELL at ~10.251 | Held 45 candles | Open positions: 9
2025-10-02 15:00:01,465 [INFO] [2025-10-02 12:00:00 UTC] BEAMXUSDT LONG BUY at ~0.008849 | Open positions: 9
2025-10-02 15:15:00,880 [INFO] [2025-10-02 12:15:00 UTC] XVGUSDT SELL at ~0.006599 | Held 34 candles | Open positions: 8
2025-10-02 16:00:00,466 [INFO] [2025-10-02 13:00:00 UTC] XVGUSDT skipped (max positions reached).
2025-10-02 16:00:00,604 [INFO] [2025-10-02 13:00:00 UTC] BRETTUSDT skipped (max positions reached).
2025-10-02 16:00:00,632 [INFO] [2025-10-02 13:00:00 UTC] BNBUSDT LONG BUY at ~1060.5 | Open positions: 10
2025-10-02 16:00:00,633 [INFO] [2025-10-02 13:00:00 UTC] AEROUSDT LONG BUY at ~1.1492 | Open positions: 10
2025-10-02 16:00:00,791 [INFO] [2025-10-02 13:00:00 UTC] ZENUSDT skipped (max positions reached).
2025-10-02 16:15:03,001 [INFO] [2025-10-02 13:15:00 UTC] AEROUSDT SELL at ~1.1387 | Held 1 candles | Open positions: 9
2025-10-02 16:30:00,891 [INFO] [2025-10-02 13:30:00 UTC] BBUSDT LONG BUY at ~0.19756 | Open positions: 10
2025-10-02 16:45:01,107 [INFO] [2025-10-02 13:45:00 UTC] THEUSDT SELL at ~0.4265 | Held 21 candles | Open positions: 9
2025-10-02 17:00:01,246 [INFO] [2025-10-02 14:00:00 UTC] ZENUSDT LONG BUY at ~11.162 | Open positions: 10
2025-10-02 18:00:00,805 [INFO] [2025-10-02 15:00:00 UTC] RSRUSDT SELL at ~0.006707 | Held 37 candles | Open positions: 9
2025-10-02 18:00:03,692 [INFO] [2025-10-02 15:00:00 UTC] BIGTIMEUSDT SELL at ~0.04869 | Held 25 candles | Open positions: 8
2025-10-02 18:30:00,699 [INFO] [2025-10-02 15:30:00 UTC] ETHUSDT LONG BUY at ~4405.82 | Open positions: 10
2025-10-02 18:30:01,005 [INFO] [2025-10-02 15:30:00 UTC] BRETTUSDT LONG BUY at ~0.04505 | Open positions: 10
2025-10-02 19:00:02,030 [INFO] [2025-10-02 16:00:00 UTC] XVGUSDT skipped (max positions reached).
2025-10-02 19:00:02,245 [INFO] [2025-10-02 16:00:00 UTC] BIGTIMEUSDT skipped (max positions reached).
2025-10-02 19:15:00,652 [INFO] [2025-10-02 16:15:00 UTC] AEROUSDT skipped (max positions reached).
2025-10-02 19:15:00,741 [INFO] [2025-10-02 16:15:00 UTC] VOXELUSDT skipped (max positions reached).
2025-10-02 19:15:03,285 [INFO] [2025-10-02 16:15:00 UTC] MEWUSDT skipped (max positions reached).
2025-10-02 19:30:00,719 [INFO] [2025-10-02 16:30:00 UTC] MAGICUSDT skipped (max positions reached).
2025-10-02 19:30:03,351 [INFO] [2025-10-02 16:30:00 UTC] SAGAUSDT skipped (max positions reached).
2025-10-02 20:00:00,689 [INFO] [2025-10-02 17:00:00 UTC] XRPUSDT skipped (max positions reached).
2025-10-02 20:00:00,964 [INFO] [2025-10-02 17:00:00 UTC] CAKEUSDT skipped (max positions reached).
2025-10-02 20:00:01,730 [INFO] [2025-10-02 17:00:00 UTC] BIGTIMEUSDT skipped (max positions reached).
2025-10-02 20:30:00,251 [INFO] [2025-10-02 17:30:00 UTC] CAKEUSDT skipped (max positions reached).
2025-10-02 21:00:00,935 [INFO] [2025-10-02 18:00:00 UTC] CAKEUSDT skipped (max positions reached).
2025-10-02 21:00:00,941 [INFO] [2025-10-02 18:00:00 UTC] CAKEUSDT skipped (max positions reached).
2025-10-02 21:00:01,935 [INFO] [2025-10-02 18:00:00 UTC] BIGTIMEUSDT skipped (max positions reached).
2025-10-02 22:00:00,299 [INFO] [2025-10-02 19:00:00 UTC] GMXUSDT skipped (max positions reached).
2025-10-02 22:00:00,576 [INFO] [2025-10-02 19:00:00 UTC] CAKEUSDT skipped (max positions reached).
2025-10-02 22:00:00,580 [INFO] [2025-10-02 19:00:00 UTC] CAKEUSDT skipped (max positions reached).
2025-10-02 22:30:00,269 [INFO] [2025-10-02 19:30:00 UTC] CAKEUSDT skipped (max positions reached).
2025-10-02 22:30:00,421 [INFO] [2025-10-02 19:30:00 UTC] SAGAUSDT skipped (max positions reached).
2025-10-02 22:30:00,691 [INFO] [2025-10-02 19:30:00 UTC] XVGUSDT skipped (max positions reached).
2025-10-02 23:00:01,640 [INFO] [2025-10-02 20:00:00 UTC] CAKEUSDT skipped (max positions reached).
2025-10-02 23:00:01,644 [INFO] [2025-10-02 20:00:00 UTC] CAKEUSDT skipped (max positions reached).
2025-10-02 23:15:00,252 [INFO] [2025-10-02 20:15:00 UTC] THEUSDT skipped (max positions reached).
2025-10-02 23:30:00,241 [INFO] [2025-10-02 20:30:00 UTC] CAKEUSDT skipped (max positions reached).
2025-10-02 23:30:00,497 [INFO] [2025-10-02 20:30:00 UTC] XVGUSDT skipped (max positions reached).
2025-10-03 00:00:00,222 [INFO] [2025-10-02 21:00:00 UTC] XVGUSDT skipped (max positions reached).
2025-10-03 00:00:00,228 [INFO] [2025-10-02 21:00:00 UTC] XVGUSDT skipped (max positions reached).
2025-10-03 00:00:00,507 [INFO] [2025-10-02 21:00:00 UTC] CAKEUSDT skipped (max positions reached).
2025-10-03 00:00:00,514 [INFO] [2025-10-02 21:00:00 UTC] CAKEUSDT skipped (max positions reached).
2025-10-03 00:15:00,301 [INFO] [2025-10-02 21:15:00 UTC] THEUSDT skipped (max positions reached).
2025-10-03 01:30:00,261 [INFO] [2025-10-02 22:30:00 UTC] CAKEUSDT skipped (max positions reached).
2025-10-03 01:30:01,202 [INFO] [2025-10-02 22:30:00 UTC] MYROUSDT SELL at ~0.02105 | Held 25 candles | Open positions: 9
2025-10-03 02:00:00,336 [INFO] [2025-10-02 23:00:00 UTC] CAKEUSDT skipped (max positions reached).
2025-10-03 02:00:00,444 [INFO] [2025-10-02 23:00:00 UTC] XVGUSDT skipped (max positions reached).
2025-10-03 02:00:00,703 [INFO] [2025-10-02 23:00:00 UTC] CAKEUSDT LONG BUY at ~3.1806 | Open positions: 10
2025-10-03 03:00:00,399 [INFO] [2025-10-03 00:00:00 UTC] XVGUSDT skipped (max positions reached).
2025-10-03 03:00:00,404 [INFO] [2025-10-03 00:00:00 UTC] XVGUSDT skipped (max positions reached).
2025-10-03 03:00:02,314 [INFO] [2025-10-03 00:00:00 UTC] BRETTUSDT SELL at ~0.04644 | Held 17 candles | Open positions: 9
2025-10-03 03:30:00,759 [INFO] [2025-10-03 00:30:00 UTC] XVGUSDT LONG BUY at ~0.009126 | Open positions: 10
2025-10-03 04:00:03,764 [INFO] [2025-10-03 01:00:00 UTC] ROSEUSDT SELL at ~0.02675 | Held 29 candles | Open positions: 9
2025-10-03 04:00:03,773 [INFO] [2025-10-03 01:00:00 UTC] BEAMXUSDT SELL at ~0.008821 | Held 13 candles | Open positions: 8
2025-10-03 05:00:00,796 [INFO] [2025-10-03 02:00:00 UTC] CAKEUSDT LONG BUY at ~3.0255 | Open positions: 10
2025-10-03 05:00:01,029 [INFO] [2025-10-03 02:00:00 UTC] ZENUSDT SELL at ~9.548 | Held 12 candles | Open positions: 9
2025-10-03 05:00:01,457 [INFO] [2025-10-03 02:00:00 UTC] XVGUSDT LONG BUY at ~0.008217 | Open positions: 9
2025-10-03 05:15:00,982 [INFO] [2025-10-03 02:15:00 UTC] COWUSDT LONG BUY at ~0.2804 | Open positions: 10
2025-10-03 05:30:01,207 [INFO] [2025-10-03 02:30:00 UTC] CAKEUSDT SELL at ~3.0074 | Held 7 candles | Open positions: 9
2025-10-03 06:00:00,642 [INFO] [2025-10-03 03:00:00 UTC] XVGUSDT SELL at ~0.006644 | Held 45 candles | Open positions: 9
2025-10-03 06:00:00,643 [INFO] [2025-10-03 03:00:00 UTC] XVGUSDT SELL at ~0.006644 | Held 10 candles | Open positions: 8
2025-10-03 06:00:00,643 [INFO] [2025-10-03 03:00:00 UTC] XVGUSDT SELL at ~0.006644 | Held 2 candles | Open positions: 7
2025-10-03 06:00:00,850 [INFO] [2025-10-03 03:00:00 UTC] CAKEUSDT LONG BUY at ~3.1328 | Open positions: 7
2025-10-03 06:10:00,613 [INFO] [2025-10-03 03:10:00 UTC] NEIROUSDT LONG BUY at ~0.0002882 | Open positions: 8
2025-10-03 06:15:01,012 [INFO] [2025-10-03 03:15:00 UTC] XVGUSDT LONG BUY at ~0.006881 | Open positions: 9
2025-10-03 06:30:00,865 [INFO] [2025-10-03 03:30:00 UTC] XVGUSDT SELL at ~0.006871 | Held 1 candles | Open positions: 9
2025-10-03 06:30:00,868 [INFO] [2025-10-03 03:30:00 UTC] XVGUSDT LONG BUY at ~0.006871 | Open positions: 9
2025-10-03 07:00:01,788 [INFO] [2025-10-03 04:00:00 UTC] NEIROUSDT SELL at ~0.0002852 | Held 10 candles | Open positions: 8
2025-10-03 07:30:01,749 [INFO] [2025-10-03 04:30:00 UTC] THEUSDT LONG BUY at ~0.4695 | Open positions: 9
2025-10-03 08:30:01,184 [INFO] [2025-10-03 05:30:00 UTC] ETHUSDT SELL at ~4479.32 | Held 28 candles | Open positions: 8
2025-10-03 08:30:01,324 [INFO] [2025-10-03 05:30:00 UTC] BBUSDT SELL at ~0.19698 | Held 32 candles | Open positions: 7
2025-10-03 10:30:01,006 [INFO] [2025-10-03 07:30:00 UTC] XVGUSDT SELL at ~0.007088 | Held 8 candles | Open positions: 6
2025-10-03 11:30:00,778 [INFO] [2025-10-03 08:30:00 UTC] THEUSDT SELL at ~0.4471 | Held 16 candles | Open positions: 5
2025-10-03 11:30:02,998 [INFO] [2025-10-03 08:30:00 UTC] COWUSDT SELL at ~0.2861 | Held 25 candles | Open positions: 4
2025-10-03 13:30:01,242 [INFO] [2025-10-03 10:30:00 UTC] CAKEUSDT SELL at ~3.3181 | Held 15 candles | Open positions: 3
2025-10-03 14:45:02,262 [INFO] [2025-10-03 11:45:00 UTC] COWUSDT LONG BUY at ~0.293 | Open positions: 4
2025-10-03 15:00:01,296 [INFO] [2025-10-03 12:00:00 UTC] XVGUSDT LONG BUY at ~0.008384 | Open positions: 5
2025-10-03 16:30:00,639 [INFO] [2025-10-03 13:30:00 UTC] CAKEUSDT LONG BUY at ~3.5339 | Open positions: 7
2025-10-03 16:30:00,810 [INFO] [2025-10-03 13:30:00 UTC] BRETTUSDT LONG BUY at ~0.04653 | Open positions: 7
2025-10-03 16:35:00,852 [INFO] [2025-10-03 13:35:00 UTC] NEIROUSDT LONG BUY at ~0.0002862 | Open positions: 8
2025-10-03 17:00:02,557 [INFO] [2025-10-03 14:00:00 UTC] AAVEUSDT LONG BUY at ~287.25 | Open positions: 9
2025-10-03 17:10:00,852 [INFO] [2025-10-03 14:10:00 UTC] NEIROUSDT SELL at ~0.0002828 | Held 7 candles | Open positions: 8
2025-10-03 17:15:03,675 [INFO] [2025-10-03 14:15:00 UTC] VOXELUSDT LONG BUY at ~0.05041 | Open positions: 9
2025-10-03 17:30:01,156 [INFO] [2025-10-03 14:30:00 UTC] BRETTUSDT SELL at ~0.04573 | Held 2 candles | Open positions: 8
2025-10-03 17:45:01,555 [INFO] [2025-10-03 14:45:00 UTC] COWUSDT SELL at ~0.2905 | Held 12 candles | Open positions: 7
2025-10-03 18:30:03,865 [INFO] [2025-10-03 15:30:00 UTC] BRETTUSDT LONG BUY at ~0.04603 | Open positions: 8
2025-10-03 18:45:01,063 [INFO] [2025-10-03 15:45:00 UTC] 1000CATUSDT LONG BUY at ~0.007863 | Open positions: 10
2025-10-03 18:45:01,346 [INFO] [2025-10-03 15:45:00 UTC] DIAUSDT LONG BUY at ~0.596 | Open positions: 10
2025-10-03 19:00:00,402 [INFO] [2025-10-03 16:00:00 UTC] BTCUSDT skipped (max positions reached).
2025-10-03 19:00:01,805 [INFO] [2025-10-03 16:00:00 UTC] NEIROUSDT skipped (max positions reached).
2025-10-03 19:00:01,808 [INFO] [2025-10-03 16:00:00 UTC] NEIROUSDT skipped (max positions reached).
2025-10-03 19:00:02,597 [INFO] [2025-10-03 16:00:00 UTC] 1000CATUSDT skipped (max positions reached).
2025-10-03 19:05:00,669 [INFO] [2025-10-03 16:05:00 UTC] NEIROUSDT skipped (max positions reached).
2025-10-03 19:15:00,217 [INFO] [2025-10-03 16:15:00 UTC] WIFUSDT skipped (max positions reached).
2025-10-03 19:15:01,072 [INFO] [2025-10-03 16:15:00 UTC] RUNEUSDT skipped (max positions reached).
2025-10-03 19:15:01,993 [INFO] [2025-10-03 16:15:00 UTC] COWUSDT skipped (max positions reached).
2025-10-03 19:30:00,243 [INFO] [2025-10-03 16:30:00 UTC] XVGUSDT skipped (max positions reached).
2025-10-03 19:30:00,316 [INFO] [2025-10-03 16:30:00 UTC] JUPUSDT skipped (max positions reached).
2025-10-03 19:30:00,690 [INFO] [2025-10-03 16:30:00 UTC] MEWUSDT skipped (max positions reached).
2025-10-03 19:30:00,694 [INFO] [2025-10-03 16:30:00 UTC] MEWUSDT skipped (max positions reached).
2025-10-03 19:30:00,870 [INFO] [2025-10-03 16:30:00 UTC] SAGAUSDT skipped (max positions reached).
2025-10-03 19:30:01,159 [INFO] [2025-10-03 16:30:00 UTC] MYROUSDT skipped (max positions reached).
2025-10-03 19:30:03,713 [INFO] [2025-10-03 16:30:00 UTC] DIAUSDT skipped (max positions reached).
2025-10-03 19:45:00,617 [INFO] [2025-10-03 16:45:00 UTC] NEIROUSDT skipped (max positions reached).
2025-10-03 19:45:00,806 [INFO] [2025-10-03 16:45:00 UTC] THEUSDT skipped (max positions reached).
2025-10-03 20:00:00,276 [INFO] [2025-10-03 17:00:00 UTC] BTCUSDT skipped (max positions reached).
2025-10-03 20:00:00,478 [INFO] [2025-10-03 17:00:00 UTC] ADAUSDT skipped (max positions reached).
2025-10-03 20:00:00,750 [INFO] [2025-10-03 17:00:00 UTC] STXUSDT skipped (max positions reached).
2025-10-03 20:00:01,140 [INFO] [2025-10-03 17:00:00 UTC] XVGUSDT skipped (max positions reached).
2025-10-03 20:00:02,644 [INFO] [2025-10-03 17:00:00 UTC] 1000CATUSDT SELL at ~0.007866 | Held 5 candles | Open positions: 9
2025-10-03 20:15:00,664 [INFO] [2025-10-03 17:15:00 UTC] AEROUSDT LONG BUY at ~1.1834 | Open positions: 10
2025-10-03 20:15:01,824 [INFO] [2025-10-03 17:15:00 UTC] COWUSDT skipped (max positions reached).
2025-10-03 20:30:00,336 [INFO] [2025-10-03 17:30:00 UTC] BBUSDT skipped (max positions reached).
2025-10-03 20:45:00,358 [INFO] [2025-10-03 17:45:00 UTC] COWUSDT skipped (max positions reached).
2025-10-03 21:00:00,994 [INFO] [2025-10-03 18:00:00 UTC] XVGUSDT skipped (max positions reached).
2025-10-03 21:00:01,201 [INFO] [2025-10-03 18:00:00 UTC] AAVEUSDT SELL at ~287.71 | Held 4 candles | Open positions: 9
2025-10-03 21:00:01,342 [INFO] [2025-10-03 18:00:00 UTC] AEROUSDT SELL at ~1.1596 | Held 3 candles | Open positions: 8
2025-10-03 21:00:02,397 [INFO] [2025-10-03 18:00:00 UTC] DIAUSDT SELL at ~0.5893 | Held 9 candles | Open positions: 7
2025-10-03 21:30:00,864 [INFO] [2025-10-03 18:30:00 UTC] XVGUSDT LONG BUY at ~0.009085 | Open positions: 8
2025-10-03 23:30:01,175 [INFO] [2025-10-03 20:30:00 UTC] VOXELUSDT SELL at ~0.05079 | Held 25 candles | Open positions: 7
2025-10-04 00:00:00,733 [INFO] [2025-10-03 21:00:00 UTC] CAKEUSDT SELL at ~3.6018 | Held 15 candles | Open positions: 6
2025-10-04 01:30:00,983 [INFO] [2025-10-03 22:30:00 UTC] 1000CATUSDT LONG BUY at ~0.008013 | Open positions: 8
2025-10-04 01:30:01,001 [INFO] [2025-10-03 22:30:00 UTC] 1000CATUSDT LONG BUY at ~0.008013 | Open positions: 8
2025-10-04 02:00:00,747 [INFO] [2025-10-03 23:00:00 UTC] XVGUSDT SELL at ~0.008254 | Held 9 candles | Open positions: 7
2025-10-04 02:45:01,201 [INFO] [2025-10-03 23:45:00 UTC] 1000CATUSDT SELL at ~0.008035 | Held 5 candles | Open positions: 6
2025-10-04 03:00:01,786 [INFO] [2025-10-04 00:00:00 UTC] 1000CATUSDT SELL at ~0.008051 | Held 3 candles | Open positions: 5
2025-10-04 03:00:01,973 [INFO] [2025-10-04 00:00:00 UTC] XVGUSDT SELL at ~0.008139 | Held 48 candles | Open positions: 4
2025-10-04 04:00:01,243 [INFO] [2025-10-04 01:00:00 UTC] FXSUSDT LONG BUY at ~2.4985 | Open positions: 5
2025-10-04 06:00:00,631 [INFO] [2025-10-04 03:00:00 UTC] 1000CATUSDT LONG BUY at ~0.008381 | Open positions: 7
2025-10-04 06:00:00,914 [INFO] [2025-10-04 03:00:00 UTC] 1000CATUSDT LONG BUY at ~0.008381 | Open positions: 7
2025-10-04 06:00:02,552 [INFO] [2025-10-04 03:00:00 UTC] BRETTUSDT SELL at ~0.04626 | Held 23 candles | Open positions: 6
2025-10-04 07:15:00,674 [INFO] [2025-10-04 04:15:00 UTC] 1000CATUSDT SELL at ~0.008866 | Held 5 candles | Open positions: 5
2025-10-04 07:30:00,997 [INFO] [2025-10-04 04:30:00 UTC] 1000CATUSDT LONG BUY at ~0.008908 | Open positions: 6
2025-10-04 08:00:01,537 [INFO] [2025-10-04 05:00:00 UTC] XVGUSDT LONG BUY at ~0.009091 | Open positions: 7
2025-10-04 08:30:00,787 [INFO] [2025-10-04 05:30:00 UTC] XVGUSDT SELL at ~0.0086409 | Held 1 candles | Open positions: 6
2025-10-04 08:45:00,718 [INFO] [2025-10-04 05:45:00 UTC] 1000CATUSDT SELL at ~0.00893 | Held 5 candles | Open positions: 5
2025-10-04 09:00:01,190 [INFO] [2025-10-04 06:00:00 UTC] 1000CATUSDT SELL at ~0.009002 | Held 6 candles | Open positions: 5
2025-10-04 09:00:01,324 [INFO] [2025-10-04 06:00:00 UTC] PHBUSDT LONG BUY at ~0.5349 | Open positions: 5
2025-10-04 09:05:00,729 [INFO] [2025-10-04 06:05:00 UTC] NEIROUSDT LONG BUY at ~0.0003026 | Open positions: 6
2025-10-04 09:15:01,001 [INFO] [2025-10-04 06:15:00 UTC] 1000CATUSDT LONG BUY at ~0.009155 | Open positions: 7
2025-10-04 09:30:00,640 [INFO] [2025-10-04 06:30:00 UTC] 1000CATUSDT LONG BUY at ~0.009054 | Open positions: 8
2025-10-04 09:30:01,091 [INFO] [2025-10-04 06:30:00 UTC] NEIROUSDT LONG BUY at ~0.0003003 | Open positions: 10
2025-10-04 09:30:01,169 [INFO] [2025-10-04 06:30:00 UTC] NEIROUSDT LONG BUY at ~0.0003003 | Open positions: 10
2025-10-04 10:30:01,129 [INFO] [2025-10-04 07:30:00 UTC] 1000CATUSDT SELL at ~0.00927 | Held 5 candles | Open positions: 9
2025-10-04 11:00:02,538 [INFO] [2025-10-04 08:00:00 UTC] 1000CATUSDT SELL at ~0.009125 | Held 3 candles | Open positions: 8
2025-10-04 11:40:00,715 [INFO] [2025-10-04 08:40:00 UTC] NEIROUSDT SELL at ~0.0002967 | Held 31 candles | Open positions: 7
2025-10-04 11:45:00,640 [INFO] [2025-10-04 08:45:00 UTC] THEUSDT LONG BUY at ~0.4565 | Open positions: 8
2025-10-04 12:00:01,005 [INFO] [2025-10-04 09:00:00 UTC] NEIROUSDT SELL at ~0.0002932 | Held 5 candles | Open positions: 7
2025-10-04 12:00:01,044 [INFO] [2025-10-04 09:00:00 UTC] NEIROUSDT SELL at ~0.0002932 | Held 10 candles | Open positions: 6
2025-10-04 13:00:00,815 [INFO] [2025-10-04 10:00:00 UTC] BNBUSDT SELL at ~1151.24 | Held 45 candles | Open positions: 5
2025-10-04 14:00:04,667 [INFO] [2025-10-04 11:00:00 UTC] PHBUSDT SELL at ~0.5234 | Held 5 candles | Open positions: 4
2025-10-04 14:30:00,601 [INFO] [2025-10-04 11:30:00 UTC] THEUSDT SELL at ~0.449 | Held 11 candles | Open positions: 3
2025-10-04 15:00:01,688 [INFO] [2025-10-04 12:00:00 UTC] CAKEUSDT SELL at ~3.4006 | Held 34 candles | Open positions: 2
2025-10-04 19:11:56,567 [INFO] [Combined WS] Connection error: sent 1011 (internal error) keepalive ping timeout; no close frame received. Reconnecting in 0.1s...
2025-10-04 19:11:57,680 [INFO] [Combined WS] Connected to 79 streams
2025-10-04 22:00:00,672 [INFO] [2025-10-04 19:00:00 UTC] ZENUSDT LONG BUY at ~9.6 | Open positions: 3
2025-10-04 23:31:52,347 [INFO] [Combined WS] Connection error: sent 1011 (internal error) keepalive ping timeout; no close frame received. Reconnecting in 0.1s...
2025-10-04 23:31:54,491 [INFO] [Combined WS] Connected to 79 streams
2025-10-05 03:30:00,990 [INFO] [2025-10-05 00:30:00 UTC] SUIUSDT LONG BUY at ~3.6731 | Open positions: 4
2025-10-05 04:00:03,655 [INFO] [2025-10-05 01:00:00 UTC] FXSUSDT SELL at ~2.3226 | Held 24 candles | Open positions: 3
2025-10-05 05:35:01,136 [INFO] [2025-10-05 02:35:00 UTC] NEIROUSDT LONG BUY at ~0.0002854 | Open positions: 4
2025-10-05 05:45:00,581 [INFO] [2025-10-05 02:45:00 UTC] TURBOUSDT LONG BUY at ~0.0037769 | Open positions: 6
2025-10-05 05:45:00,598 [INFO] [2025-10-05 02:45:00 UTC] PIXELUSDT LONG BUY at ~0.02857 | Open positions: 6
2025-10-05 05:45:01,053 [INFO] [2025-10-05 02:45:00 UTC] AEROUSDT LONG BUY at ~1.1417 | Open positions: 10
2025-10-05 05:45:01,116 [INFO] [2025-10-05 02:45:00 UTC] MEWUSDT LONG BUY at ~0.002807 | Open positions: 10
2025-10-05 05:45:01,136 [INFO] [2025-10-05 02:45:00 UTC] NEIROUSDT LONG BUY at ~0.0002841 | Open positions: 10
2025-10-05 05:45:01,314 [INFO] [2025-10-05 02:45:00 UTC] WIFUSDT LONG BUY at ~0.7607 | Open positions: 10
2025-10-05 05:45:01,454 [INFO] [2025-10-05 02:45:00 UTC] COWUSDT skipped (max positions reached).
2025-10-05 05:45:03,274 [INFO] [2025-10-05 02:45:00 UTC] RUNEUSDT skipped (max positions reached).
2025-10-05 05:45:03,277 [INFO] [2025-10-05 02:45:00 UTC] DIAUSDT skipped (max positions reached).
2025-10-05 05:45:03,282 [INFO] [2025-10-05 02:45:00 UTC] VOXELUSDT skipped (max positions reached).
2025-10-05 06:00:00,213 [INFO] [2025-10-05 03:00:00 UTC] BTCUSDT skipped (max positions reached).
2025-10-05 06:00:00,355 [INFO] [2025-10-05 03:00:00 UTC] BRETTUSDT skipped (max positions reached).
2025-10-05 06:00:00,359 [INFO] [2025-10-05 03:00:00 UTC] ETHUSDT skipped (max positions reached).
2025-10-05 06:00:00,366 [INFO] [2025-10-05 03:00:00 UTC] SOLUSDT skipped (max positions reached).
2025-10-05 06:00:00,422 [INFO] [2025-10-05 03:00:00 UTC] 1000CATUSDT skipped (max positions reached).
2025-10-05 06:00:00,521 [INFO] [2025-10-05 03:00:00 UTC] WIFUSDT skipped (max positions reached).
2025-10-05 06:00:00,634 [INFO] [2025-10-05 03:00:00 UTC] LINKUSDT skipped (max positions reached).
2025-10-05 06:00:00,798 [INFO] [2025-10-05 03:00:00 UTC] NEIROUSDT skipped (max positions reached).
2025-10-05 06:00:00,814 [INFO] [2025-10-05 03:00:00 UTC] MAGICUSDT skipped (max positions reached).
2025-10-05 06:00:01,152 [INFO] [2025-10-05 03:00:00 UTC] JUPUSDT skipped (max positions reached).
2025-10-05 06:00:01,206 [INFO] [2025-10-05 03:00:00 UTC] MYROUSDT skipped (max positions reached).
2025-10-05 06:00:01,269 [INFO] [2025-10-05 03:00:00 UTC] SAGAUSDT skipped (max positions reached).
2025-10-05 06:00:02,090 [INFO] [2025-10-05 03:00:00 UTC] RUNEUSDT skipped (max positions reached).
2025-10-05 06:00:03,345 [INFO] [2025-10-05 03:00:00 UTC] MEWUSDT skipped (max positions reached).
2025-10-05 06:15:01,978 [INFO] [2025-10-05 03:15:00 UTC] COWUSDT skipped (max positions reached).
2025-10-05 07:30:00,249 [INFO] [2025-10-05 04:30:00 UTC] COWUSDT skipped (max positions reached).
2025-10-05 07:45:00,293 [INFO] [2025-10-05 04:45:00 UTC] COWUSDT skipped (max positions reached).
2025-10-05 08:00:00,303 [INFO] [2025-10-05 05:00:00 UTC] BTCUSDT skipped (max positions reached).
2025-10-05 08:00:00,420 [INFO] [2025-10-05 05:00:00 UTC] SOLUSDT skipped (max positions reached).
2025-10-05 08:00:00,422 [INFO] [2025-10-05 05:00:00 UTC] WIFUSDT skipped (max positions reached).
2025-10-05 08:00:00,430 [INFO] [2025-10-05 05:00:00 UTC] COWUSDT skipped (max positions reached).
2025-10-05 08:00:00,548 [INFO] [2025-10-05 05:00:00 UTC] BRETTUSDT skipped (max positions reached).
2025-10-05 08:00:00,728 [INFO] [2025-10-05 05:00:00 UTC] JUPUSDT skipped (max positions reached).
2025-10-05 08:00:01,040 [INFO] [2025-10-05 05:00:00 UTC] VOXELUSDT skipped (max positions reached).
2025-10-05 08:00:01,141 [INFO] [2025-10-05 05:00:00 UTC] CKBUSDT skipped (max positions reached).
2025-10-05 08:00:01,245 [INFO] [2025-10-05 05:00:00 UTC] RUNEUSDT skipped (max positions reached).
2025-10-05 08:00:03,336 [INFO] [2025-10-05 05:00:00 UTC] SAGAUSDT skipped (max positions reached).
2025-10-05 08:45:00,231 [INFO] [2025-10-05 05:45:00 UTC] COWUSDT skipped (max positions reached).
2025-10-05 10:00:01,163 [INFO] [2025-10-05 07:00:00 UTC] EGLDUSDT skipped (max positions reached).
2025-10-05 10:45:00,794 [INFO] [2025-10-05 07:45:00 UTC] COWUSDT skipped (max positions reached).
2025-10-05 11:00:03,177 [INFO] [2025-10-05 08:00:00 UTC] NEIROUSDT SELL at ~0.0002964 | Held 65 candles | Open positions: 9
2025-10-05 11:15:00,792 [INFO] [2025-10-05 08:15:00 UTC] BRUSDT skipped (max positions reached).
2025-10-05 11:15:01,101 [INFO] [2025-10-05 08:15:00 UTC] COWUSDT LONG BUY at ~0.3021 | Open positions: 10
2025-10-05 11:30:02,183 [INFO] [2025-10-05 08:30:00 UTC] JUPUSDT skipped (max positions reached).
2025-10-05 11:30:02,232 [INFO] [2025-10-05 08:30:00 UTC] TURBOUSDT SELL at ~0.003863 | Held 23 candles | Open positions: 9
2025-10-05 12:00:01,354 [INFO] [2025-10-05 09:00:00 UTC] AEROUSDT SELL at ~1.2013 | Held 25 candles | Open positions: 8
2025-10-05 13:15:01,638 [INFO] [2025-10-05 10:15:00 UTC] WIFUSDT SELL at ~0.7884 | Held 30 candles | Open positions: 7
2025-10-05 13:15:01,710 [INFO] [2025-10-05 10:15:00 UTC] COWUSDT SELL at ~0.2961 | Held 8 candles | Open positions: 6
2025-10-05 14:00:01,248 [INFO] [2025-10-05 11:00:00 UTC] PIXELUSDT SELL at ~0.02862 | Held 33 candles | Open positions: 5
2025-10-05 14:00:03,773 [INFO] [2025-10-05 11:00:00 UTC] MEWUSDT SELL at ~0.002829 | Held 33 candles | Open positions: 4
2025-10-05 14:15:00,930 [INFO] [2025-10-05 11:15:00 UTC] NEIROUSDT SELL at ~0.0002868 | Held 34 candles | Open positions: 3
2025-10-05 18:00:01,111 [INFO] [2025-10-05 15:00:00 UTC] SUIUSDT SELL at ~3.5924 | Held 29 candles | Open positions: 2
2025-10-05 21:00:03,021 [INFO] [2025-10-05 18:00:00 UTC] ZENUSDT SELL at ~9.786 | Held 23 candles | Open positions: 1
2025-10-05 22:00:00,866 [INFO] [2025-10-05 19:00:00 UTC] PHBUSDT LONG BUY at ~0.5871 | Open positions: 2
2025-10-06 01:30:03,679 [INFO] [2025-10-05 22:30:00 UTC] BRUSDT LONG BUY at ~0.07379 | Open positions: 3
2025-10-06 03:15:01,362 [INFO] [2025-10-06 00:15:00 UTC] BRUSDT SELL at ~0.07393 | Held 7 candles | Open positions: 2
2025-10-06 03:20:00,633 [INFO] [2025-10-06 00:20:00 UTC] NEIROUSDT LONG BUY at ~0.0002858 | Open positions: 3
2025-10-06 03:30:00,788 [INFO] [2025-10-06 00:30:00 UTC] NEIROUSDT SELL at ~0.0002826 | Held 2 candles | Open positions: 3
2025-10-06 03:30:00,994 [INFO] [2025-10-06 00:30:00 UTC] BRUSDT LONG BUY at ~0.07517 | Open positions: 3
2025-10-06 04:00:01,117 [INFO] [2025-10-06 01:00:00 UTC] BRUSDT SELL at ~0.07516 | Held 2 candles | Open positions: 2
2025-10-06 05:30:20,001 [INFO] [Combined WS] Connection error: sent 1011 (internal error) keepalive ping timeout; no close frame received. Reconnecting in 0.1s...
2025-10-06 05:30:21,133 [INFO] [Combined WS] Connected to 79 streams
2025-10-06 09:30:01,771 [INFO] [2025-10-06 06:30:00 UTC] THEUSDT LONG BUY at ~0.4536 | Open positions: 3
2025-10-06 10:00:01,048 [INFO] [2025-10-06 07:00:00 UTC] CAKEUSDT LONG BUY at ~3.6283 | Open positions: 5
2025-10-06 10:00:01,049 [INFO] [2025-10-06 07:00:00 UTC] BNBUSDT LONG BUY at ~1210.1 | Open positions: 5
2025-10-06 10:00:02,402 [INFO] [2025-10-06 07:00:00 UTC] PHBUSDT SELL at ~0.5488 | Held 12 candles | Open positions: 4
2025-10-06 10:30:00,686 [INFO] [2025-10-06 07:30:00 UTC] CAKEUSDT LONG BUY at ~3.7569 | Open positions: 5
2025-10-06 11:00:01,619 [INFO] [2025-10-06 08:00:00 UTC] CKBUSDT LONG BUY at ~0.004334 | Open positions: 6
2025-10-06 11:30:01,062 [INFO] [2025-10-06 08:30:00 UTC] MYROUSDT LONG BUY at ~0.02002 | Open positions: 7
2025-10-06 13:00:01,291 [INFO] [2025-10-06 10:00:00 UTC] WIFUSDT LONG BUY at ~0.7758 | Open positions: 8
2025-10-06 13:15:03,706 [INFO] [2025-10-06 10:15:00 UTC] VOXELUSDT LONG BUY at ~0.05085 | Open positions: 9
2025-10-06 15:30:01,608 [INFO] [2025-10-06 12:30:00 UTC] MAGICUSDT LONG BUY at ~0.18 | Open positions: 10
2025-10-06 15:45:00,583 [INFO] [2025-10-06 12:45:00 UTC] THEUSDT SELL at ~0.4642 | Held 25 candles | Open positions: 9
2025-10-06 15:45:03,597 [INFO] [2025-10-06 12:45:00 UTC] VOXELUSDT SELL at ~0.05058 | Held 10 candles | Open positions: 8
2025-10-06 16:30:00,842 [INFO] [2025-10-06 13:30:00 UTC] THEUSDT LONG BUY at ~0.4712 | Open positions: 9
2025-10-06 16:30:01,270 [INFO] [2025-10-06 13:30:00 UTC] ONDOUSDT LONG BUY at ~0.9454 | Open positions: 10
2025-10-06 16:45:00,966 [INFO] [2025-10-06 13:45:00 UTC] NEIROUSDT skipped (max positions reached).
2025-10-06 17:00:00,373 [INFO] [2025-10-06 14:00:00 UTC] ETHUSDT skipped (max positions reached).
2025-10-06 17:00:00,397 [INFO] [2025-10-06 14:00:00 UTC] SAGAUSDT skipped (max positions reached).
2025-10-06 17:00:00,415 [INFO] [2025-10-06 14:00:00 UTC] ARBUSDT skipped (max positions reached).
2025-10-06 17:00:00,560 [INFO] [2025-10-06 14:00:00 UTC] DOTUSDT skipped (max positions reached).
2025-10-06 17:00:00,569 [INFO] [2025-10-06 14:00:00 UTC] BRETTUSDT skipped (max positions reached).
2025-10-06 17:00:00,922 [INFO] [2025-10-06 14:00:00 UTC] NEIROUSDT skipped (max positions reached).
2025-10-06 17:00:01,349 [INFO] [2025-10-06 14:00:00 UTC] MEWUSDT skipped (max positions reached).
2025-10-06 17:15:00,509 [INFO] [2025-10-06 14:15:00 UTC] NEIROUSDT skipped (max positions reached).
2025-10-06 17:15:00,614 [INFO] [2025-10-06 14:15:00 UTC] AEROUSDT skipped (max positions reached).
2025-10-06 17:30:00,199 [INFO] [2025-10-06 14:30:00 UTC] ETHUSDT skipped (max positions reached).
2025-10-06 17:30:00,307 [INFO] [2025-10-06 14:30:00 UTC] NEIROUSDT skipped (max positions reached).
2025-10-06 17:30:00,981 [INFO] [2025-10-06 14:30:00 UTC] THEUSDT SELL at ~0.4633 | Held 4 candles | Open positions: 9
2025-10-06 18:00:00,679 [INFO] [2025-10-06 15:00:00 UTC] PHBUSDT LONG BUY at ~0.6036 | Open positions: 10
2025-10-06 18:00:00,932 [INFO] [2025-10-06 15:00:00 UTC] ONDOUSDT SELL at ~0.9459 | Held 3 candles | Open positions: 9
2025-10-06 18:00:02,070 [INFO] [2025-10-06 15:00:00 UTC] MAGICUSDT SELL at ~0.1815 | Held 5 candles | Open positions: 8
2025-10-06 18:30:01,205 [INFO] [2025-10-06 15:30:00 UTC] ONDOUSDT LONG BUY at ~0.9738 | Open positions: 9
2025-10-06 18:45:00,588 [INFO] [2025-10-06 15:45:00 UTC] AEROUSDT LONG BUY at ~1.1958 | Open positions: 10
2025-10-06 19:00:00,469 [INFO] [2025-10-06 16:00:00 UTC] XRPUSDT skipped (max positions reached).
2025-10-06 19:15:01,914 [INFO] [2025-10-06 16:15:00 UTC] SYNUSDT skipped (max positions reached).
2025-10-06 19:30:00,814 [INFO] [2025-10-06 16:30:00 UTC] ONDOUSDT SELL at ~0.9582 | Held 2 candles | Open positions: 9
2025-10-06 20:00:01,792 [INFO] [2025-10-06 17:00:00 UTC] STXUSDT LONG BUY at ~0.6245 | Open positions: 10
2025-10-06 20:30:00,264 [INFO] [2025-10-06 17:30:00 UTC] COWUSDT skipped (max positions reached).
2025-10-06 21:15:03,348 [INFO] [2025-10-06 18:15:00 UTC] VOXELUSDT skipped (max positions reached).
2025-10-06 21:30:00,719 [INFO] [2025-10-06 18:30:00 UTC] VOXELUSDT skipped (max positions reached).
2025-10-06 22:00:01,373 [INFO] [2025-10-06 19:00:00 UTC] CAKEUSDT SELL at ~3.8267 | Held 23 candles | Open positions: 9
2025-10-06 23:30:03,692 [INFO] [2025-10-06 20:30:00 UTC] WIFUSDT SELL at ~0.8019 | Held 42 candles | Open positions: 9
2025-10-06 23:30:03,839 [INFO] [2025-10-06 20:30:00 UTC] VOXELUSDT LONG BUY at ~0.05183 | Open positions: 9
2025-10-07 00:00:00,926 [INFO] [2025-10-06 21:00:00 UTC] AEROUSDT SELL at ~1.1885 | Held 21 candles | Open positions: 8
2025-10-07 00:00:01,693 [INFO] [2025-10-06 21:00:00 UTC] MYROUSDT SELL at ~0.0206 | Held 25 candles | Open positions: 7
2025-10-07 00:30:01,242 [INFO] [2025-10-06 21:30:00 UTC] VOXELUSDT SELL at ~0.05117 | Held 4 candles | Open positions: 6
2025-10-07 01:15:00,757 [INFO] [2025-10-06 22:15:00 UTC] BRUSDT LONG BUY at ~0.07726 | Open positions: 7
2025-10-07 01:45:01,078 [INFO] [2025-10-06 22:45:00 UTC] BRUSDT SELL at ~0.07673 | Held 2 candles | Open positions: 6
2025-10-07 03:15:00,678 [INFO] [2025-10-07 00:15:00 UTC] BRUSDT LONG BUY at ~0.07691 | Open positions: 7
2025-10-07 03:45:01,226 [INFO] [2025-10-07 00:45:00 UTC] BRUSDT SELL at ~0.0757 | Held 2 candles | Open positions: 6
2025-10-07 05:00:03,866 [INFO] [2025-10-07 02:00:00 UTC] CKBUSDT SELL at ~0.004422 | Held 18 candles | Open positions: 5
2025-10-07 06:08:40,177 [INFO] [Combined WS] Connection error: sent 1011 (internal error) keepalive ping timeout; no close frame received. Reconnecting in 0.1s...
2025-10-07 06:08:50,302 [INFO] [Combined WS] Connection error: . Reconnecting in 0.2s...
2025-10-07 06:08:54,500 [INFO] [Combined WS] Connected to 79 streams
2025-10-07 07:45:01,249 [INFO] [2025-10-07 04:45:00 UTC] BRUSDT LONG BUY at ~0.07641 | Open positions: 6
2025-10-07 08:45:01,708 [INFO] [2025-10-07 05:45:00 UTC] THEUSDT LONG BUY at ~0.4795 | Open positions: 7
2025-10-07 09:00:01,003 [INFO] [2025-10-07 06:00:00 UTC] BEAMXUSDT LONG BUY at ~0.009636 | Open positions: 8
2025-10-07 09:00:01,778 [INFO] [2025-10-07 06:00:00 UTC] PHBUSDT SELL at ~0.6206 | Held 15 candles | Open positions: 7
2025-10-07 09:15:00,793 [INFO] [2025-10-07 06:15:00 UTC] BRUSDT SELL at ~0.07692 | Held 6 candles | Open positions: 6
2025-10-07 10:45:01,219 [INFO] [2025-10-07 07:45:00 UTC] VOXELUSDT LONG BUY at ~0.05126 | Open positions: 7
2025-10-07 11:00:03,093 [INFO] [2025-10-07 08:00:00 UTC] THEUSDT SELL at ~0.4623 | Held 9 candles | Open positions: 6
2025-10-07 11:00:03,758 [INFO] [2025-10-07 08:00:00 UTC] VOXELUSDT LONG BUY at ~0.05111 | Open positions: 7
2025-10-07 11:30:01,180 [INFO] [2025-10-07 08:30:00 UTC] VOXELUSDT SELL at ~0.05076 | Held 1 candles | Open positions: 6
2025-10-07 12:15:00,622 [INFO] [2025-10-07 09:15:00 UTC] THEUSDT LONG BUY at ~0.4668 | Open positions: 7
2025-10-07 12:15:01,022 [INFO] [2025-10-07 09:15:00 UTC] 1000CATUSDT LONG BUY at ~0.008322 | Open positions: 8
2025-10-07 12:30:01,356 [INFO] [2025-10-07 09:30:00 UTC] 1000CATUSDT LONG BUY at ~0.008512 | Open positions: 9
2025-10-07 13:30:01,500 [INFO] [2025-10-07 10:30:00 UTC] 1000CATUSDT SELL at ~0.008657 | Held 5 candles | Open positions: 8
2025-10-07 13:30:03,279 [INFO] [2025-10-07 10:30:00 UTC] THEUSDT SELL at ~0.4733 | Held 5 candles | Open positions: 7
2025-10-07 13:45:01,176 [INFO] [2025-10-07 10:45:00 UTC] 1000CATUSDT LONG BUY at ~0.008718 | Open positions: 8
2025-10-07 14:30:01,041 [INFO] [2025-10-07 11:30:00 UTC] THEUSDT LONG BUY at ~0.4889 | Open positions: 10
2025-10-07 14:30:01,053 [INFO] [2025-10-07 11:30:00 UTC] VOXELUSDT LONG BUY at ~0.05227 | Open positions: 10
2025-10-07 15:00:01,511 [INFO] [2025-10-07 12:00:00 UTC] 1000CATUSDT SELL at ~0.009522 | Held 5 candles | Open positions: 9
2025-10-07 15:15:00,653 [INFO] [2025-10-07 12:15:00 UTC] 1000CATUSDT LONG BUY at ~0.010161 | Open positions: 10
2025-10-07 16:00:02,754 [INFO] [2025-10-07 13:00:00 UTC] 1000CATUSDT SELL at ~0.009064 | Held 7 candles | Open positions: 9
2025-10-07 16:30:00,989 [INFO] [2025-10-07 13:30:00 UTC] 1000CATUSDT SELL at ~0.008744 | Held 5 candles | Open positions: 8
2025-10-07 16:30:01,264 [INFO] [2025-10-07 13:30:00 UTC] VOXELUSDT SELL at ~0.0521 | Held 4 candles | Open positions: 7
2025-10-07 17:00:01,056 [INFO] [2025-10-07 14:00:00 UTC] AEROUSDT LONG BUY at ~1.1539 | Open positions: 9
2025-10-07 17:00:01,168 [INFO] [2025-10-07 14:00:00 UTC] 1000CATUSDT LONG BUY at ~0.008699 | Open positions: 9
2025-10-07 17:00:01,704 [INFO] [2025-10-07 14:00:00 UTC] VOXELUSDT SELL at ~0.05195 | Held 25 candles | Open positions: 8
2025-10-07 17:15:02,509 [INFO] [2025-10-07 14:15:00 UTC] AEROUSDT SELL at ~1.1336 | Held 1 candles | Open positions: 7
2025-10-07 18:00:01,411 [INFO] [2025-10-07 15:00:00 UTC] THEUSDT SELL at ~0.4662 | Held 14 candles | Open positions: 6
2025-10-07 18:15:01,495 [INFO] [2025-10-07 15:15:00 UTC] 1000CATUSDT SELL at ~0.008279 | Held 5 candles | Open positions: 5
2025-10-07 19:00:03,731 [INFO] [2025-10-07 16:00:00 UTC] BEAMXUSDT SELL at ~0.009053 | Held 10 candles | Open positions: 4
2025-10-07 19:30:01,059 [INFO] [2025-10-07 16:30:00 UTC] 1000CATUSDT LONG BUY at ~0.008394 | Open positions: 5
2025-10-07 20:00:03,820 [INFO] [2025-10-07 17:00:00 UTC] RONINUSDT LONG BUY at ~0.4743 | Open positions: 6
2025-10-07 21:00:01,279 [INFO] [2025-10-07 18:00:00 UTC] RONINUSDT SELL at ~0.4713 | Held 2 candles | Open positions: 5
2025-10-07 21:00:01,421 [INFO] [2025-10-07 18:30:00 UTC] 1000CATUSDT SELL at ~0.008425 | Held 4 candles | Open positions: 4
2025-10-07 22:00:02,343 [INFO] [2025-10-07 19:00:00 UTC] STXUSDT SELL at ~0.6054 | Held 26 candles | Open positions: 3
2025-10-08 07:00:01,440 [INFO] [2025-10-08 04:00:00 UTC] CAKEUSDT SELL at ~4.164 | Held 45 candles | Open positions: 2
2025-10-08 07:00:01,731 [INFO] [2025-10-08 04:00:00 UTC] BNBUSDT SELL at ~1276.29 | Held 45 candles | Open positions: 1
2025-10-08 09:30:01,418 [INFO] [2025-10-08 06:30:00 UTC] 1000CATUSDT LONG BUY at ~0.008897 | Open positions: 2
2025-10-08 10:30:00,658 [INFO] [2025-10-08 07:30:00 UTC] 1000CATUSDT SELL at ~0.008852 | Held 2 candles | Open positions: 1
2025-10-08 11:00:02,014 [INFO] [2025-10-08 08:00:00 UTC] THEUSDT LONG BUY at ~0.4718 | Open positions: 2
2025-10-08 11:45:01,041 [INFO] [2025-10-08 08:45:00 UTC] SYNUSDT LONG BUY at ~0.1122 | Open positions: 3
2025-10-08 12:45:00,566 [INFO] [2025-10-08 09:45:00 UTC] DIAUSDT LONG BUY at ~0.5375 | Open positions: 4
2025-10-08 13:00:03,778 [INFO] [2025-10-08 10:00:00 UTC] SYNUSDT SELL at ~0.1114 | Held 5 candles | Open positions: 4
2025-10-08 13:00:03,790 [INFO] [2025-10-08 10:00:00 UTC] GMXUSDT LONG BUY at ~14.489 | Open positions: 4
2025-10-08 13:01:54,773 [INFO] Stopped by user.
2025-10-29 17:43:58,649 [INFO] [Combined WS] Connected to 79 streams
